   1               		.file	"hal_flash.c"
   2               	__SP_H__ = 0x3e
   3               	__SP_L__ = 0x3d
   4               	__SREG__ = 0x3f
   5               	__tmp_reg__ = 0
   6               	__zero_reg__ = 1
   7               		.text
   8               	.Ltext0:
   9               		.cfi_sections	.debug_frame
  10               		.section	.text.flashWaitErase,"ax",@progbits
  11               	.global	flashWaitErase
  13               	flashWaitErase:
  14               	.LFB146:
  15               		.file 1 "../../../os/hal/src/hal_flash.c"
   1:../../../os/hal/src/hal_flash.c **** /*
   2:../../../os/hal/src/hal_flash.c ****     ChibiOS - Copyright (C) 2006..2021 Giovanni Di Sirio
   3:../../../os/hal/src/hal_flash.c **** 
   4:../../../os/hal/src/hal_flash.c ****     Licensed under the Apache License, Version 2.0 (the "License");
   5:../../../os/hal/src/hal_flash.c ****     you may not use this file except in compliance with the License.
   6:../../../os/hal/src/hal_flash.c ****     You may obtain a copy of the License at
   7:../../../os/hal/src/hal_flash.c **** 
   8:../../../os/hal/src/hal_flash.c ****         http://www.apache.org/licenses/LICENSE-2.0
   9:../../../os/hal/src/hal_flash.c **** 
  10:../../../os/hal/src/hal_flash.c ****     Unless required by applicable law or agreed to in writing, software
  11:../../../os/hal/src/hal_flash.c ****     distributed under the License is distributed on an "AS IS" BASIS,
  12:../../../os/hal/src/hal_flash.c ****     WITHOUT WARRANTIES OR CONDITIONS OF ANY KIND, either express or implied.
  13:../../../os/hal/src/hal_flash.c ****     See the License for the specific language governing permissions and
  14:../../../os/hal/src/hal_flash.c ****     limitations under the License.
  15:../../../os/hal/src/hal_flash.c **** */
  16:../../../os/hal/src/hal_flash.c **** 
  17:../../../os/hal/src/hal_flash.c **** /**
  18:../../../os/hal/src/hal_flash.c ****  * @file    hal_flash.c
  19:../../../os/hal/src/hal_flash.c ****  * @brief   Generic flash driver class code.
  20:../../../os/hal/src/hal_flash.c ****  *
  21:../../../os/hal/src/hal_flash.c ****  * @addtogroup HAL_FLASH
  22:../../../os/hal/src/hal_flash.c ****  * @{
  23:../../../os/hal/src/hal_flash.c ****  */
  24:../../../os/hal/src/hal_flash.c **** 
  25:../../../os/hal/src/hal_flash.c **** #include "hal.h"
  26:../../../os/hal/src/hal_flash.c **** 
  27:../../../os/hal/src/hal_flash.c **** #include "hal_flash.h"
  28:../../../os/hal/src/hal_flash.c **** 
  29:../../../os/hal/src/hal_flash.c **** /*===========================================================================*/
  30:../../../os/hal/src/hal_flash.c **** /* Driver local definitions.                                                 */
  31:../../../os/hal/src/hal_flash.c **** /*===========================================================================*/
  32:../../../os/hal/src/hal_flash.c **** 
  33:../../../os/hal/src/hal_flash.c **** /*===========================================================================*/
  34:../../../os/hal/src/hal_flash.c **** /* Driver exported variables.                                                */
  35:../../../os/hal/src/hal_flash.c **** /*===========================================================================*/
  36:../../../os/hal/src/hal_flash.c **** 
  37:../../../os/hal/src/hal_flash.c **** /*===========================================================================*/
  38:../../../os/hal/src/hal_flash.c **** /* Driver local variables and types.                                         */
  39:../../../os/hal/src/hal_flash.c **** /*===========================================================================*/
  40:../../../os/hal/src/hal_flash.c **** 
  41:../../../os/hal/src/hal_flash.c **** /*===========================================================================*/
  42:../../../os/hal/src/hal_flash.c **** /* Driver local functions.                                                   */
  43:../../../os/hal/src/hal_flash.c **** /*===========================================================================*/
  44:../../../os/hal/src/hal_flash.c **** 
  45:../../../os/hal/src/hal_flash.c **** /*===========================================================================*/
  46:../../../os/hal/src/hal_flash.c **** /* Driver exported functions.                                                */
  47:../../../os/hal/src/hal_flash.c **** /*===========================================================================*/
  48:../../../os/hal/src/hal_flash.c **** 
  49:../../../os/hal/src/hal_flash.c **** /**
  50:../../../os/hal/src/hal_flash.c ****  * @brief   Waits until the current erase operation is finished.
  51:../../../os/hal/src/hal_flash.c ****  *
  52:../../../os/hal/src/hal_flash.c ****  * @param[in] devp      pointer to a @p BaseFlash object
  53:../../../os/hal/src/hal_flash.c ****  *
  54:../../../os/hal/src/hal_flash.c ****  * @return              An error code.
  55:../../../os/hal/src/hal_flash.c ****  * @retval FLASH_NO_ERROR if there is no erase operation in progress.
  56:../../../os/hal/src/hal_flash.c ****  * @retval FLASH_ERROR_ERASE if the erase operation failed.
  57:../../../os/hal/src/hal_flash.c ****  * @retval FLASH_ERROR_HW_FAILURE if access to the memory failed.
  58:../../../os/hal/src/hal_flash.c ****  *
  59:../../../os/hal/src/hal_flash.c ****  * @api
  60:../../../os/hal/src/hal_flash.c ****  */
  61:../../../os/hal/src/hal_flash.c **** flash_error_t flashWaitErase(BaseFlash *devp) {
  16               		.loc 1 61 0
  17               		.cfi_startproc
  18               	.LVL0:
  19 0000 CF92      		push r12
  20               	.LCFI0:
  21               		.cfi_def_cfa_offset 3
  22               		.cfi_offset 12, -2
  23 0002 DF92      		push r13
  24               	.LCFI1:
  25               		.cfi_def_cfa_offset 4
  26               		.cfi_offset 13, -3
  27 0004 EF92      		push r14
  28               	.LCFI2:
  29               		.cfi_def_cfa_offset 5
  30               		.cfi_offset 14, -4
  31 0006 FF92      		push r15
  32               	.LCFI3:
  33               		.cfi_def_cfa_offset 6
  34               		.cfi_offset 15, -5
  35 0008 0F93      		push r16
  36               	.LCFI4:
  37               		.cfi_def_cfa_offset 7
  38               		.cfi_offset 16, -6
  39 000a 1F93      		push r17
  40               	.LCFI5:
  41               		.cfi_def_cfa_offset 8
  42               		.cfi_offset 17, -7
  43 000c CF93      		push r28
  44               	.LCFI6:
  45               		.cfi_def_cfa_offset 9
  46               		.cfi_offset 28, -8
  47 000e DF93      		push r29
  48               	.LCFI7:
  49               		.cfi_def_cfa_offset 10
  50               		.cfi_offset 29, -9
  51 0010 00D0      		rcall .
  52 0012 00D0      		rcall .
  53               	.LCFI8:
  54               		.cfi_def_cfa_offset 14
  55 0014 CDB7      		in r28,__SP_L__
  56 0016 DEB7      		in r29,__SP_H__
  57               	.LCFI9:
  58               		.cfi_def_cfa_register 28
  59               	/* prologue: function */
  60               	/* frame size = 4 */
  61               	/* stack size = 12 */
  62               	.L__stack_usage = 12
  63 0018 8C01      		movw r16,r24
  64               	.LBB5:
  65               	.LBB6:
  66               	.LBB7:
  67               		.file 2 "../../../os/hal/osal/rt-nil/osal.h"
   1:../../../os/hal/osal/rt-nil/osal.h **** /*
   2:../../../os/hal/osal/rt-nil/osal.h ****     ChibiOS - Copyright (C) 2006..2018 Giovanni Di Sirio
   3:../../../os/hal/osal/rt-nil/osal.h **** 
   4:../../../os/hal/osal/rt-nil/osal.h ****     Licensed under the Apache License, Version 2.0 (the "License");
   5:../../../os/hal/osal/rt-nil/osal.h ****     you may not use this file except in compliance with the License.
   6:../../../os/hal/osal/rt-nil/osal.h ****     You may obtain a copy of the License at
   7:../../../os/hal/osal/rt-nil/osal.h **** 
   8:../../../os/hal/osal/rt-nil/osal.h ****         http://www.apache.org/licenses/LICENSE-2.0
   9:../../../os/hal/osal/rt-nil/osal.h **** 
  10:../../../os/hal/osal/rt-nil/osal.h ****     Unless required by applicable law or agreed to in writing, software
  11:../../../os/hal/osal/rt-nil/osal.h ****     distributed under the License is distributed on an "AS IS" BASIS,
  12:../../../os/hal/osal/rt-nil/osal.h ****     WITHOUT WARRANTIES OR CONDITIONS OF ANY KIND, either express or implied.
  13:../../../os/hal/osal/rt-nil/osal.h ****     See the License for the specific language governing permissions and
  14:../../../os/hal/osal/rt-nil/osal.h ****     limitations under the License.
  15:../../../os/hal/osal/rt-nil/osal.h **** */
  16:../../../os/hal/osal/rt-nil/osal.h **** 
  17:../../../os/hal/osal/rt-nil/osal.h **** /**
  18:../../../os/hal/osal/rt-nil/osal.h ****  * @file    osal.h
  19:../../../os/hal/osal/rt-nil/osal.h ****  * @brief   OSAL module header.
  20:../../../os/hal/osal/rt-nil/osal.h ****  *
  21:../../../os/hal/osal/rt-nil/osal.h ****  * @addtogroup OSAL
  22:../../../os/hal/osal/rt-nil/osal.h ****  * @{
  23:../../../os/hal/osal/rt-nil/osal.h ****  */
  24:../../../os/hal/osal/rt-nil/osal.h **** 
  25:../../../os/hal/osal/rt-nil/osal.h **** #ifndef OSAL_H
  26:../../../os/hal/osal/rt-nil/osal.h **** #define OSAL_H
  27:../../../os/hal/osal/rt-nil/osal.h **** 
  28:../../../os/hal/osal/rt-nil/osal.h **** #include <stddef.h>
  29:../../../os/hal/osal/rt-nil/osal.h **** #include <stdint.h>
  30:../../../os/hal/osal/rt-nil/osal.h **** #include <stdbool.h>
  31:../../../os/hal/osal/rt-nil/osal.h **** 
  32:../../../os/hal/osal/rt-nil/osal.h **** #include "ch.h"
  33:../../../os/hal/osal/rt-nil/osal.h **** 
  34:../../../os/hal/osal/rt-nil/osal.h **** /*===========================================================================*/
  35:../../../os/hal/osal/rt-nil/osal.h **** /* Module constants.                                                         */
  36:../../../os/hal/osal/rt-nil/osal.h **** /*===========================================================================*/
  37:../../../os/hal/osal/rt-nil/osal.h **** 
  38:../../../os/hal/osal/rt-nil/osal.h **** /**
  39:../../../os/hal/osal/rt-nil/osal.h ****  * @name    Common constants
  40:../../../os/hal/osal/rt-nil/osal.h ****  * @{
  41:../../../os/hal/osal/rt-nil/osal.h ****  */
  42:../../../os/hal/osal/rt-nil/osal.h **** #if !defined(FALSE) || defined(__DOXYGEN__)
  43:../../../os/hal/osal/rt-nil/osal.h **** #define FALSE                               0
  44:../../../os/hal/osal/rt-nil/osal.h **** #endif
  45:../../../os/hal/osal/rt-nil/osal.h **** 
  46:../../../os/hal/osal/rt-nil/osal.h **** #if !defined(TRUE) || defined(__DOXYGEN__)
  47:../../../os/hal/osal/rt-nil/osal.h **** #define TRUE                                1
  48:../../../os/hal/osal/rt-nil/osal.h **** #endif
  49:../../../os/hal/osal/rt-nil/osal.h **** 
  50:../../../os/hal/osal/rt-nil/osal.h **** #define OSAL_SUCCESS                        false
  51:../../../os/hal/osal/rt-nil/osal.h **** #define OSAL_FAILED                         true
  52:../../../os/hal/osal/rt-nil/osal.h **** /** @} */
  53:../../../os/hal/osal/rt-nil/osal.h **** 
  54:../../../os/hal/osal/rt-nil/osal.h **** #if 0
  55:../../../os/hal/osal/rt-nil/osal.h **** /**
  56:../../../os/hal/osal/rt-nil/osal.h ****  * @name    Messages
  57:../../../os/hal/osal/rt-nil/osal.h ****  * @{
  58:../../../os/hal/osal/rt-nil/osal.h ****  */
  59:../../../os/hal/osal/rt-nil/osal.h **** #define MSG_OK                              (msg_t)0
  60:../../../os/hal/osal/rt-nil/osal.h **** #define MSG_TIMEOUT                         (msg_t)-1
  61:../../../os/hal/osal/rt-nil/osal.h **** #define MSG_RESET                           (msg_t)-2
  62:../../../os/hal/osal/rt-nil/osal.h **** /** @} */
  63:../../../os/hal/osal/rt-nil/osal.h **** #endif
  64:../../../os/hal/osal/rt-nil/osal.h **** 
  65:../../../os/hal/osal/rt-nil/osal.h **** #if 0
  66:../../../os/hal/osal/rt-nil/osal.h **** /**
  67:../../../os/hal/osal/rt-nil/osal.h ****  * @name    Special time constants
  68:../../../os/hal/osal/rt-nil/osal.h ****  * @{
  69:../../../os/hal/osal/rt-nil/osal.h ****  */
  70:../../../os/hal/osal/rt-nil/osal.h **** #define TIME_IMMEDIATE                      ((sysinterval_t)0)
  71:../../../os/hal/osal/rt-nil/osal.h **** #define TIME_INFINITE                       ((sysinterval_t)-1)
  72:../../../os/hal/osal/rt-nil/osal.h **** /** @} */
  73:../../../os/hal/osal/rt-nil/osal.h **** #endif
  74:../../../os/hal/osal/rt-nil/osal.h **** 
  75:../../../os/hal/osal/rt-nil/osal.h **** /**
  76:../../../os/hal/osal/rt-nil/osal.h ****  * @name    Systick modes.
  77:../../../os/hal/osal/rt-nil/osal.h ****  * @{
  78:../../../os/hal/osal/rt-nil/osal.h ****  */
  79:../../../os/hal/osal/rt-nil/osal.h **** #define OSAL_ST_MODE_NONE                   0
  80:../../../os/hal/osal/rt-nil/osal.h **** #define OSAL_ST_MODE_PERIODIC               1
  81:../../../os/hal/osal/rt-nil/osal.h **** #define OSAL_ST_MODE_FREERUNNING            2
  82:../../../os/hal/osal/rt-nil/osal.h **** /** @} */
  83:../../../os/hal/osal/rt-nil/osal.h **** 
  84:../../../os/hal/osal/rt-nil/osal.h **** /**
  85:../../../os/hal/osal/rt-nil/osal.h ****  * @name    Systick parameters.
  86:../../../os/hal/osal/rt-nil/osal.h ****  * @{
  87:../../../os/hal/osal/rt-nil/osal.h ****  */
  88:../../../os/hal/osal/rt-nil/osal.h **** /**
  89:../../../os/hal/osal/rt-nil/osal.h ****  * @brief   Size in bits of the @p systick_t type.
  90:../../../os/hal/osal/rt-nil/osal.h ****  */
  91:../../../os/hal/osal/rt-nil/osal.h **** #define OSAL_ST_RESOLUTION                  CH_CFG_ST_RESOLUTION
  92:../../../os/hal/osal/rt-nil/osal.h **** 
  93:../../../os/hal/osal/rt-nil/osal.h **** /**
  94:../../../os/hal/osal/rt-nil/osal.h ****  * @brief   Required systick frequency or resolution.
  95:../../../os/hal/osal/rt-nil/osal.h ****  */
  96:../../../os/hal/osal/rt-nil/osal.h **** #define OSAL_ST_FREQUENCY                   CH_CFG_ST_FREQUENCY
  97:../../../os/hal/osal/rt-nil/osal.h **** 
  98:../../../os/hal/osal/rt-nil/osal.h **** /**
  99:../../../os/hal/osal/rt-nil/osal.h ****  * @brief   Systick mode required by the underlying OS.
 100:../../../os/hal/osal/rt-nil/osal.h ****  */
 101:../../../os/hal/osal/rt-nil/osal.h **** #if (CH_CFG_ST_TIMEDELTA == 0) || defined(__DOXYGEN__)
 102:../../../os/hal/osal/rt-nil/osal.h **** #define OSAL_ST_MODE                        OSAL_ST_MODE_PERIODIC
 103:../../../os/hal/osal/rt-nil/osal.h **** #else
 104:../../../os/hal/osal/rt-nil/osal.h **** #define OSAL_ST_MODE                        OSAL_ST_MODE_FREERUNNING
 105:../../../os/hal/osal/rt-nil/osal.h **** #endif
 106:../../../os/hal/osal/rt-nil/osal.h **** /** @} */
 107:../../../os/hal/osal/rt-nil/osal.h **** 
 108:../../../os/hal/osal/rt-nil/osal.h **** /*===========================================================================*/
 109:../../../os/hal/osal/rt-nil/osal.h **** /* Module pre-compile time settings.                                         */
 110:../../../os/hal/osal/rt-nil/osal.h **** /*===========================================================================*/
 111:../../../os/hal/osal/rt-nil/osal.h **** 
 112:../../../os/hal/osal/rt-nil/osal.h **** /*===========================================================================*/
 113:../../../os/hal/osal/rt-nil/osal.h **** /* Derived constants and error checks.                                       */
 114:../../../os/hal/osal/rt-nil/osal.h **** /*===========================================================================*/
 115:../../../os/hal/osal/rt-nil/osal.h **** 
 116:../../../os/hal/osal/rt-nil/osal.h **** #if !(OSAL_ST_MODE == OSAL_ST_MODE_NONE) &&                                 \
 117:../../../os/hal/osal/rt-nil/osal.h ****     !(OSAL_ST_MODE == OSAL_ST_MODE_PERIODIC) &&                             \
 118:../../../os/hal/osal/rt-nil/osal.h ****     !(OSAL_ST_MODE == OSAL_ST_MODE_FREERUNNING)
 119:../../../os/hal/osal/rt-nil/osal.h **** #error "invalid OSAL_ST_MODE setting in osal.h"
 120:../../../os/hal/osal/rt-nil/osal.h **** #endif
 121:../../../os/hal/osal/rt-nil/osal.h **** 
 122:../../../os/hal/osal/rt-nil/osal.h **** #if (OSAL_ST_RESOLUTION != 16) && (OSAL_ST_RESOLUTION != 32) &&             \
 123:../../../os/hal/osal/rt-nil/osal.h ****     (OSAL_ST_RESOLUTION != 64)
 124:../../../os/hal/osal/rt-nil/osal.h **** #error "invalid OSAL_ST_RESOLUTION, must be 16, 32 or 64"
 125:../../../os/hal/osal/rt-nil/osal.h **** #endif
 126:../../../os/hal/osal/rt-nil/osal.h **** 
 127:../../../os/hal/osal/rt-nil/osal.h **** /*===========================================================================*/
 128:../../../os/hal/osal/rt-nil/osal.h **** /* Module data structures and types.                                         */
 129:../../../os/hal/osal/rt-nil/osal.h **** /*===========================================================================*/
 130:../../../os/hal/osal/rt-nil/osal.h **** 
 131:../../../os/hal/osal/rt-nil/osal.h **** #if 0
 132:../../../os/hal/osal/rt-nil/osal.h **** /**
 133:../../../os/hal/osal/rt-nil/osal.h ****  * @brief   Type of a system status word.
 134:../../../os/hal/osal/rt-nil/osal.h ****  */
 135:../../../os/hal/osal/rt-nil/osal.h **** typedef uint32_t syssts_t;
 136:../../../os/hal/osal/rt-nil/osal.h **** #endif
 137:../../../os/hal/osal/rt-nil/osal.h **** 
 138:../../../os/hal/osal/rt-nil/osal.h **** #if 0
 139:../../../os/hal/osal/rt-nil/osal.h **** /**
 140:../../../os/hal/osal/rt-nil/osal.h ****  * @brief   Type of a message.
 141:../../../os/hal/osal/rt-nil/osal.h ****  */
 142:../../../os/hal/osal/rt-nil/osal.h **** typedef int32_t msg_t;
 143:../../../os/hal/osal/rt-nil/osal.h **** #endif
 144:../../../os/hal/osal/rt-nil/osal.h **** 
 145:../../../os/hal/osal/rt-nil/osal.h **** #if 0
 146:../../../os/hal/osal/rt-nil/osal.h **** /**
 147:../../../os/hal/osal/rt-nil/osal.h ****  * @brief   Type of system time counter.
 148:../../../os/hal/osal/rt-nil/osal.h ****  */
 149:../../../os/hal/osal/rt-nil/osal.h **** typedef uint32_t systime_t;
 150:../../../os/hal/osal/rt-nil/osal.h **** #endif
 151:../../../os/hal/osal/rt-nil/osal.h **** 
 152:../../../os/hal/osal/rt-nil/osal.h **** #if 0
 153:../../../os/hal/osal/rt-nil/osal.h **** /**
 154:../../../os/hal/osal/rt-nil/osal.h ****  * @brief   Type of system time interval.
 155:../../../os/hal/osal/rt-nil/osal.h ****  */
 156:../../../os/hal/osal/rt-nil/osal.h **** typedef uint32_t sysinterval_t;
 157:../../../os/hal/osal/rt-nil/osal.h **** #endif
 158:../../../os/hal/osal/rt-nil/osal.h **** 
 159:../../../os/hal/osal/rt-nil/osal.h **** #if 0
 160:../../../os/hal/osal/rt-nil/osal.h **** /**
 161:../../../os/hal/osal/rt-nil/osal.h ****  * @brief   Type of time conversion variable.
 162:../../../os/hal/osal/rt-nil/osal.h ****  * @note    This type must have double width than other time types, it is
 163:../../../os/hal/osal/rt-nil/osal.h ****  *          only used internally for conversions.
 164:../../../os/hal/osal/rt-nil/osal.h ****  */
 165:../../../os/hal/osal/rt-nil/osal.h **** typedef uint64_t time_conv_t;
 166:../../../os/hal/osal/rt-nil/osal.h **** #endif
 167:../../../os/hal/osal/rt-nil/osal.h **** 
 168:../../../os/hal/osal/rt-nil/osal.h **** #if 0
 169:../../../os/hal/osal/rt-nil/osal.h **** /**
 170:../../../os/hal/osal/rt-nil/osal.h ****  * @brief   Type of realtime counter.
 171:../../../os/hal/osal/rt-nil/osal.h ****  */
 172:../../../os/hal/osal/rt-nil/osal.h **** typedef uint32_t rtcnt_t;
 173:../../../os/hal/osal/rt-nil/osal.h **** #endif
 174:../../../os/hal/osal/rt-nil/osal.h **** 
 175:../../../os/hal/osal/rt-nil/osal.h **** #if 0
 176:../../../os/hal/osal/rt-nil/osal.h **** /**
 177:../../../os/hal/osal/rt-nil/osal.h ****  * @brief   Type of a thread reference.
 178:../../../os/hal/osal/rt-nil/osal.h ****  */
 179:../../../os/hal/osal/rt-nil/osal.h **** typedef thread_t * thread_reference_t;
 180:../../../os/hal/osal/rt-nil/osal.h **** #endif
 181:../../../os/hal/osal/rt-nil/osal.h **** 
 182:../../../os/hal/osal/rt-nil/osal.h **** #if 0
 183:../../../os/hal/osal/rt-nil/osal.h **** /**
 184:../../../os/hal/osal/rt-nil/osal.h ****  * @brief   Type of an event flags mask.
 185:../../../os/hal/osal/rt-nil/osal.h ****  */
 186:../../../os/hal/osal/rt-nil/osal.h **** typedef uint32_t eventflags_t;
 187:../../../os/hal/osal/rt-nil/osal.h **** #endif
 188:../../../os/hal/osal/rt-nil/osal.h **** 
 189:../../../os/hal/osal/rt-nil/osal.h **** #if (CH_CFG_USE_EVENTS == FALSE) || defined(__DOXYGEN__)
 190:../../../os/hal/osal/rt-nil/osal.h **** /**
 191:../../../os/hal/osal/rt-nil/osal.h ****  * @brief   Type of an event flags object.
 192:../../../os/hal/osal/rt-nil/osal.h ****  * @note    The content of this structure is not part of the API and should
 193:../../../os/hal/osal/rt-nil/osal.h ****  *          not be relied upon. Implementers may define this structure in
 194:../../../os/hal/osal/rt-nil/osal.h ****  *          an entirely different way.
 195:../../../os/hal/osal/rt-nil/osal.h ****  * @note    Retrieval and clearing of the flags are not defined in this
 196:../../../os/hal/osal/rt-nil/osal.h ****  *          API and are implementation-dependent.
 197:../../../os/hal/osal/rt-nil/osal.h ****  */
 198:../../../os/hal/osal/rt-nil/osal.h **** typedef struct event_source event_source_t;
 199:../../../os/hal/osal/rt-nil/osal.h **** 
 200:../../../os/hal/osal/rt-nil/osal.h **** /**
 201:../../../os/hal/osal/rt-nil/osal.h ****  * @brief   Type of an event source callback.
 202:../../../os/hal/osal/rt-nil/osal.h ****  * @note    This type is not part of the OSAL API and is provided
 203:../../../os/hal/osal/rt-nil/osal.h ****  *          exclusively as an example and for convenience.
 204:../../../os/hal/osal/rt-nil/osal.h ****  */
 205:../../../os/hal/osal/rt-nil/osal.h **** typedef void (*eventcallback_t)(event_source_t *esp);
 206:../../../os/hal/osal/rt-nil/osal.h **** 
 207:../../../os/hal/osal/rt-nil/osal.h **** /**
 208:../../../os/hal/osal/rt-nil/osal.h ****  * @brief   Events source object.
 209:../../../os/hal/osal/rt-nil/osal.h ****  * @note    The content of this structure is not part of the API and should
 210:../../../os/hal/osal/rt-nil/osal.h ****  *          not be relied upon. Implementers may define this structure in
 211:../../../os/hal/osal/rt-nil/osal.h ****  *          an entirely different way.
 212:../../../os/hal/osal/rt-nil/osal.h ****  * @note    Retrieval and clearing of the flags are not defined in this
 213:../../../os/hal/osal/rt-nil/osal.h ****  *          API and are implementation-dependent.
 214:../../../os/hal/osal/rt-nil/osal.h ****  */
 215:../../../os/hal/osal/rt-nil/osal.h **** struct event_source {
 216:../../../os/hal/osal/rt-nil/osal.h ****   volatile eventflags_t flags;      /**< @brief Stored event flags.         */
 217:../../../os/hal/osal/rt-nil/osal.h ****   eventcallback_t       cb;         /**< @brief Event source callback.      */
 218:../../../os/hal/osal/rt-nil/osal.h ****   void                  *param;     /**< @brief User defined field.         */
 219:../../../os/hal/osal/rt-nil/osal.h **** };
 220:../../../os/hal/osal/rt-nil/osal.h **** #endif /* CH_CFG_USE_EVENTS == FALSE */
 221:../../../os/hal/osal/rt-nil/osal.h **** 
 222:../../../os/hal/osal/rt-nil/osal.h **** /**
 223:../../../os/hal/osal/rt-nil/osal.h ****  * @brief   Type of a mutex.
 224:../../../os/hal/osal/rt-nil/osal.h ****  * @note    If the OS does not support mutexes or there is no OS then the
 225:../../../os/hal/osal/rt-nil/osal.h ****  *          mechanism can be simulated.
 226:../../../os/hal/osal/rt-nil/osal.h ****  */
 227:../../../os/hal/osal/rt-nil/osal.h **** #if CH_CFG_USE_MUTEXES || defined(__DOXYGEN__)
 228:../../../os/hal/osal/rt-nil/osal.h **** #elif CH_CFG_USE_SEMAPHORES
 229:../../../os/hal/osal/rt-nil/osal.h **** typedef semaphore_t mutex_t;
 230:../../../os/hal/osal/rt-nil/osal.h **** #else
 231:../../../os/hal/osal/rt-nil/osal.h **** typedef uint32_t mutex_t;
 232:../../../os/hal/osal/rt-nil/osal.h **** #endif
 233:../../../os/hal/osal/rt-nil/osal.h **** 
 234:../../../os/hal/osal/rt-nil/osal.h **** #if 0
 235:../../../os/hal/osal/rt-nil/osal.h **** /**
 236:../../../os/hal/osal/rt-nil/osal.h ****  * @brief   Type of a thread queue.
 237:../../../os/hal/osal/rt-nil/osal.h ****  * @details A thread queue is a queue of sleeping threads, queued threads
 238:../../../os/hal/osal/rt-nil/osal.h ****  *          can be dequeued one at time or all together.
 239:../../../os/hal/osal/rt-nil/osal.h ****  * @note    In this implementation it is implemented as a single reference
 240:../../../os/hal/osal/rt-nil/osal.h ****  *          because there are no real threads.
 241:../../../os/hal/osal/rt-nil/osal.h ****  */
 242:../../../os/hal/osal/rt-nil/osal.h **** typedef struct {
 243:../../../os/hal/osal/rt-nil/osal.h ****   thread_reference_t    tr;
 244:../../../os/hal/osal/rt-nil/osal.h **** } threads_queue_t;
 245:../../../os/hal/osal/rt-nil/osal.h **** #endif
 246:../../../os/hal/osal/rt-nil/osal.h **** 
 247:../../../os/hal/osal/rt-nil/osal.h **** /*===========================================================================*/
 248:../../../os/hal/osal/rt-nil/osal.h **** /* Module macros.                                                            */
 249:../../../os/hal/osal/rt-nil/osal.h **** /*===========================================================================*/
 250:../../../os/hal/osal/rt-nil/osal.h **** 
 251:../../../os/hal/osal/rt-nil/osal.h **** /**
 252:../../../os/hal/osal/rt-nil/osal.h ****  * @name    Debug related macros
 253:../../../os/hal/osal/rt-nil/osal.h ****  * @{
 254:../../../os/hal/osal/rt-nil/osal.h ****  */
 255:../../../os/hal/osal/rt-nil/osal.h **** /**
 256:../../../os/hal/osal/rt-nil/osal.h ****  * @brief   Condition assertion.
 257:../../../os/hal/osal/rt-nil/osal.h ****  * @details If the condition check fails then the OSAL panics with a
 258:../../../os/hal/osal/rt-nil/osal.h ****  *          message and halts.
 259:../../../os/hal/osal/rt-nil/osal.h ****  * @note    The condition is tested only if the @p OSAL_ENABLE_ASSERTIONS
 260:../../../os/hal/osal/rt-nil/osal.h ****  *          switch is enabled.
 261:../../../os/hal/osal/rt-nil/osal.h ****  * @note    The remark string is not currently used except for putting a
 262:../../../os/hal/osal/rt-nil/osal.h ****  *          comment in the code about the assertion.
 263:../../../os/hal/osal/rt-nil/osal.h ****  *
 264:../../../os/hal/osal/rt-nil/osal.h ****  * @param[in] c         the condition to be verified to be true
 265:../../../os/hal/osal/rt-nil/osal.h ****  * @param[in] remark    a remark string
 266:../../../os/hal/osal/rt-nil/osal.h ****  *
 267:../../../os/hal/osal/rt-nil/osal.h ****  * @api
 268:../../../os/hal/osal/rt-nil/osal.h ****  */
 269:../../../os/hal/osal/rt-nil/osal.h **** #define osalDbgAssert(c, remark) chDbgAssert(c, remark)
 270:../../../os/hal/osal/rt-nil/osal.h **** 
 271:../../../os/hal/osal/rt-nil/osal.h **** /**
 272:../../../os/hal/osal/rt-nil/osal.h ****  * @brief   Function parameters check.
 273:../../../os/hal/osal/rt-nil/osal.h ****  * @details If the condition check fails then the OSAL panics and halts.
 274:../../../os/hal/osal/rt-nil/osal.h ****  * @note    The condition is tested only if the @p OSAL_ENABLE_CHECKS switch
 275:../../../os/hal/osal/rt-nil/osal.h ****  *          is enabled.
 276:../../../os/hal/osal/rt-nil/osal.h ****  *
 277:../../../os/hal/osal/rt-nil/osal.h ****  * @param[in] c         the condition to be verified to be true
 278:../../../os/hal/osal/rt-nil/osal.h ****  *
 279:../../../os/hal/osal/rt-nil/osal.h ****  * @api
 280:../../../os/hal/osal/rt-nil/osal.h ****  */
 281:../../../os/hal/osal/rt-nil/osal.h **** #define osalDbgCheck(c) chDbgCheck(c)
 282:../../../os/hal/osal/rt-nil/osal.h **** 
 283:../../../os/hal/osal/rt-nil/osal.h **** /**
 284:../../../os/hal/osal/rt-nil/osal.h ****  * @brief   I-Class state check.
 285:../../../os/hal/osal/rt-nil/osal.h ****  * @note    Not implemented in this simplified OSAL.
 286:../../../os/hal/osal/rt-nil/osal.h ****  */
 287:../../../os/hal/osal/rt-nil/osal.h **** #define osalDbgCheckClassI() chDbgCheckClassI()
 288:../../../os/hal/osal/rt-nil/osal.h **** 
 289:../../../os/hal/osal/rt-nil/osal.h **** /**
 290:../../../os/hal/osal/rt-nil/osal.h ****  * @brief   S-Class state check.
 291:../../../os/hal/osal/rt-nil/osal.h ****  * @note    Not implemented in this simplified OSAL.
 292:../../../os/hal/osal/rt-nil/osal.h ****  */
 293:../../../os/hal/osal/rt-nil/osal.h **** #define osalDbgCheckClassS() chDbgCheckClassS()
 294:../../../os/hal/osal/rt-nil/osal.h **** /** @} */
 295:../../../os/hal/osal/rt-nil/osal.h **** 
 296:../../../os/hal/osal/rt-nil/osal.h **** /**
 297:../../../os/hal/osal/rt-nil/osal.h ****  * @name    IRQ service routines wrappers
 298:../../../os/hal/osal/rt-nil/osal.h ****  * @{
 299:../../../os/hal/osal/rt-nil/osal.h ****  */
 300:../../../os/hal/osal/rt-nil/osal.h **** /**
 301:../../../os/hal/osal/rt-nil/osal.h ****  * @brief   Priority level verification macro.
 302:../../../os/hal/osal/rt-nil/osal.h ****  */
 303:../../../os/hal/osal/rt-nil/osal.h **** #define OSAL_IRQ_IS_VALID_PRIORITY(n) CH_IRQ_IS_VALID_KERNEL_PRIORITY(n)
 304:../../../os/hal/osal/rt-nil/osal.h **** 
 305:../../../os/hal/osal/rt-nil/osal.h **** /**
 306:../../../os/hal/osal/rt-nil/osal.h ****  * @brief   IRQ prologue code.
 307:../../../os/hal/osal/rt-nil/osal.h ****  * @details This macro must be inserted at the start of all IRQ handlers.
 308:../../../os/hal/osal/rt-nil/osal.h ****  */
 309:../../../os/hal/osal/rt-nil/osal.h **** #define OSAL_IRQ_PROLOGUE() CH_IRQ_PROLOGUE()
 310:../../../os/hal/osal/rt-nil/osal.h **** 
 311:../../../os/hal/osal/rt-nil/osal.h **** /**
 312:../../../os/hal/osal/rt-nil/osal.h ****  * @brief   IRQ epilogue code.
 313:../../../os/hal/osal/rt-nil/osal.h ****  * @details This macro must be inserted at the end of all IRQ handlers.
 314:../../../os/hal/osal/rt-nil/osal.h ****  */
 315:../../../os/hal/osal/rt-nil/osal.h **** #define OSAL_IRQ_EPILOGUE() CH_IRQ_EPILOGUE()
 316:../../../os/hal/osal/rt-nil/osal.h **** 
 317:../../../os/hal/osal/rt-nil/osal.h **** /**
 318:../../../os/hal/osal/rt-nil/osal.h ****  * @brief   IRQ handler function declaration.
 319:../../../os/hal/osal/rt-nil/osal.h ****  * @details This macro hides the details of an ISR function declaration.
 320:../../../os/hal/osal/rt-nil/osal.h ****  *
 321:../../../os/hal/osal/rt-nil/osal.h ****  * @param[in] id        a vector name as defined in @p vectors.s
 322:../../../os/hal/osal/rt-nil/osal.h ****  */
 323:../../../os/hal/osal/rt-nil/osal.h **** #define OSAL_IRQ_HANDLER(id) CH_IRQ_HANDLER(id)
 324:../../../os/hal/osal/rt-nil/osal.h **** /** @} */
 325:../../../os/hal/osal/rt-nil/osal.h **** 
 326:../../../os/hal/osal/rt-nil/osal.h **** /**
 327:../../../os/hal/osal/rt-nil/osal.h ****  * @name    Time conversion utilities
 328:../../../os/hal/osal/rt-nil/osal.h ****  * @{
 329:../../../os/hal/osal/rt-nil/osal.h ****  */
 330:../../../os/hal/osal/rt-nil/osal.h **** /**
 331:../../../os/hal/osal/rt-nil/osal.h ****  * @brief   Seconds to time interval.
 332:../../../os/hal/osal/rt-nil/osal.h ****  * @details Converts from seconds to system ticks number.
 333:../../../os/hal/osal/rt-nil/osal.h ****  * @note    The result is rounded upward to the next tick boundary.
 334:../../../os/hal/osal/rt-nil/osal.h ****  * @note    Use of this macro for large values is not secure because
 335:../../../os/hal/osal/rt-nil/osal.h ****  *          integer overflows, make sure your value can be correctly
 336:../../../os/hal/osal/rt-nil/osal.h ****  *          converted.
 337:../../../os/hal/osal/rt-nil/osal.h ****  *
 338:../../../os/hal/osal/rt-nil/osal.h ****  * @param[in] secs      number of seconds
 339:../../../os/hal/osal/rt-nil/osal.h ****  * @return              The number of ticks.
 340:../../../os/hal/osal/rt-nil/osal.h ****  *
 341:../../../os/hal/osal/rt-nil/osal.h ****  * @api
 342:../../../os/hal/osal/rt-nil/osal.h ****  */
 343:../../../os/hal/osal/rt-nil/osal.h **** #define OSAL_S2I(secs) TIME_S2I(secs)
 344:../../../os/hal/osal/rt-nil/osal.h **** 
 345:../../../os/hal/osal/rt-nil/osal.h **** /**
 346:../../../os/hal/osal/rt-nil/osal.h ****  * @brief   Milliseconds to time interval.
 347:../../../os/hal/osal/rt-nil/osal.h ****  * @details Converts from milliseconds to system ticks number.
 348:../../../os/hal/osal/rt-nil/osal.h ****  * @note    The result is rounded upward to the next tick boundary.
 349:../../../os/hal/osal/rt-nil/osal.h ****  * @note    Use of this macro for large values is not secure because
 350:../../../os/hal/osal/rt-nil/osal.h ****  *          integer overflows, make sure your value can be correctly
 351:../../../os/hal/osal/rt-nil/osal.h ****  *          converted.
 352:../../../os/hal/osal/rt-nil/osal.h ****  *
 353:../../../os/hal/osal/rt-nil/osal.h ****  * @param[in] msecs     number of milliseconds
 354:../../../os/hal/osal/rt-nil/osal.h ****  * @return              The number of ticks.
 355:../../../os/hal/osal/rt-nil/osal.h ****  *
 356:../../../os/hal/osal/rt-nil/osal.h ****  * @api
 357:../../../os/hal/osal/rt-nil/osal.h ****  */
 358:../../../os/hal/osal/rt-nil/osal.h **** #define OSAL_MS2I(msecs) TIME_MS2I(msecs)
 359:../../../os/hal/osal/rt-nil/osal.h **** 
 360:../../../os/hal/osal/rt-nil/osal.h **** /**
 361:../../../os/hal/osal/rt-nil/osal.h ****  * @brief   Microseconds to time interval.
 362:../../../os/hal/osal/rt-nil/osal.h ****  * @details Converts from microseconds to system ticks number.
 363:../../../os/hal/osal/rt-nil/osal.h ****  * @note    The result is rounded upward to the next tick boundary.
 364:../../../os/hal/osal/rt-nil/osal.h ****  * @note    Use of this macro for large values is not secure because
 365:../../../os/hal/osal/rt-nil/osal.h ****  *          integer overflows, make sure your value can be correctly
 366:../../../os/hal/osal/rt-nil/osal.h ****  *          converted.
 367:../../../os/hal/osal/rt-nil/osal.h ****  *
 368:../../../os/hal/osal/rt-nil/osal.h ****  * @param[in] usecs     number of microseconds
 369:../../../os/hal/osal/rt-nil/osal.h ****  * @return              The number of ticks.
 370:../../../os/hal/osal/rt-nil/osal.h ****  *
 371:../../../os/hal/osal/rt-nil/osal.h ****  * @api
 372:../../../os/hal/osal/rt-nil/osal.h ****  */
 373:../../../os/hal/osal/rt-nil/osal.h **** #define OSAL_US2I(usecs) TIME_US2I(usecs)
 374:../../../os/hal/osal/rt-nil/osal.h **** 
 375:../../../os/hal/osal/rt-nil/osal.h **** /**
 376:../../../os/hal/osal/rt-nil/osal.h ****  * @brief   Time interval to seconds.
 377:../../../os/hal/osal/rt-nil/osal.h ****  * @details Converts from system ticks number to seconds.
 378:../../../os/hal/osal/rt-nil/osal.h ****  * @note    The result is rounded up to the next second boundary.
 379:../../../os/hal/osal/rt-nil/osal.h ****  * @note    Use of this macro for large values is not secure because
 380:../../../os/hal/osal/rt-nil/osal.h ****  *          integer overflows, make sure your value can be correctly
 381:../../../os/hal/osal/rt-nil/osal.h ****  *          converted.
 382:../../../os/hal/osal/rt-nil/osal.h ****  *
 383:../../../os/hal/osal/rt-nil/osal.h ****  * @param[in] interval  interval in ticks
 384:../../../os/hal/osal/rt-nil/osal.h ****  * @return              The number of seconds.
 385:../../../os/hal/osal/rt-nil/osal.h ****  *
 386:../../../os/hal/osal/rt-nil/osal.h ****  * @api
 387:../../../os/hal/osal/rt-nil/osal.h ****  */
 388:../../../os/hal/osal/rt-nil/osal.h **** #define OSAL_I2S(interval) TIME_I2S(interval)
 389:../../../os/hal/osal/rt-nil/osal.h **** 
 390:../../../os/hal/osal/rt-nil/osal.h **** /**
 391:../../../os/hal/osal/rt-nil/osal.h ****  * @brief   Time interval to milliseconds.
 392:../../../os/hal/osal/rt-nil/osal.h ****  * @details Converts from system ticks number to milliseconds.
 393:../../../os/hal/osal/rt-nil/osal.h ****  * @note    The result is rounded up to the next millisecond boundary.
 394:../../../os/hal/osal/rt-nil/osal.h ****  * @note    Use of this macro for large values is not secure because
 395:../../../os/hal/osal/rt-nil/osal.h ****  *          integer overflows, make sure your value can be correctly
 396:../../../os/hal/osal/rt-nil/osal.h ****  *          converted.
 397:../../../os/hal/osal/rt-nil/osal.h ****  *
 398:../../../os/hal/osal/rt-nil/osal.h ****  * @param[in] interval  interval in ticks
 399:../../../os/hal/osal/rt-nil/osal.h ****  * @return              The number of milliseconds.
 400:../../../os/hal/osal/rt-nil/osal.h ****  *
 401:../../../os/hal/osal/rt-nil/osal.h ****  * @api
 402:../../../os/hal/osal/rt-nil/osal.h ****  */
 403:../../../os/hal/osal/rt-nil/osal.h **** #define OSAL_I2MS(interval) TIME_I2MS(interval)
 404:../../../os/hal/osal/rt-nil/osal.h **** 
 405:../../../os/hal/osal/rt-nil/osal.h **** /**
 406:../../../os/hal/osal/rt-nil/osal.h ****  * @brief   Time interval to microseconds.
 407:../../../os/hal/osal/rt-nil/osal.h ****  * @details Converts from system ticks number to microseconds.
 408:../../../os/hal/osal/rt-nil/osal.h ****  * @note    The result is rounded up to the next microsecond boundary.
 409:../../../os/hal/osal/rt-nil/osal.h ****  * @note    Use of this macro for large values is not secure because
 410:../../../os/hal/osal/rt-nil/osal.h ****  *          integer overflows, make sure your value can be correctly
 411:../../../os/hal/osal/rt-nil/osal.h ****  *          converted.
 412:../../../os/hal/osal/rt-nil/osal.h ****  *
 413:../../../os/hal/osal/rt-nil/osal.h ****  * @param[in] interval  interval in ticks
 414:../../../os/hal/osal/rt-nil/osal.h ****  * @return              The number of microseconds.
 415:../../../os/hal/osal/rt-nil/osal.h ****  *
 416:../../../os/hal/osal/rt-nil/osal.h ****  * @api
 417:../../../os/hal/osal/rt-nil/osal.h ****  */
 418:../../../os/hal/osal/rt-nil/osal.h **** #define OSAL_I2US(interval) TIME_I2US(interval)
 419:../../../os/hal/osal/rt-nil/osal.h **** /** @} */
 420:../../../os/hal/osal/rt-nil/osal.h **** 
 421:../../../os/hal/osal/rt-nil/osal.h **** /**
 422:../../../os/hal/osal/rt-nil/osal.h ****  * @name    Time conversion utilities for the realtime counter
 423:../../../os/hal/osal/rt-nil/osal.h ****  * @{
 424:../../../os/hal/osal/rt-nil/osal.h ****  */
 425:../../../os/hal/osal/rt-nil/osal.h **** /**
 426:../../../os/hal/osal/rt-nil/osal.h ****  * @brief   Seconds to realtime counter.
 427:../../../os/hal/osal/rt-nil/osal.h ****  * @details Converts from seconds to realtime counter cycles.
 428:../../../os/hal/osal/rt-nil/osal.h ****  * @note    The macro assumes that @p freq >= @p 1.
 429:../../../os/hal/osal/rt-nil/osal.h ****  *
 430:../../../os/hal/osal/rt-nil/osal.h ****  * @param[in] freq      clock frequency, in Hz, of the realtime counter
 431:../../../os/hal/osal/rt-nil/osal.h ****  * @param[in] sec       number of seconds
 432:../../../os/hal/osal/rt-nil/osal.h ****  * @return              The number of cycles.
 433:../../../os/hal/osal/rt-nil/osal.h ****  *
 434:../../../os/hal/osal/rt-nil/osal.h ****  * @api
 435:../../../os/hal/osal/rt-nil/osal.h ****  */
 436:../../../os/hal/osal/rt-nil/osal.h **** #define OSAL_S2RTC(freq, sec) S2RTC(freq, sec)
 437:../../../os/hal/osal/rt-nil/osal.h **** 
 438:../../../os/hal/osal/rt-nil/osal.h **** /**
 439:../../../os/hal/osal/rt-nil/osal.h ****  * @brief   Milliseconds to realtime counter.
 440:../../../os/hal/osal/rt-nil/osal.h ****  * @details Converts from milliseconds to realtime counter cycles.
 441:../../../os/hal/osal/rt-nil/osal.h ****  * @note    The result is rounded upward to the next millisecond boundary.
 442:../../../os/hal/osal/rt-nil/osal.h ****  * @note    The macro assumes that @p freq >= @p 1000.
 443:../../../os/hal/osal/rt-nil/osal.h ****  *
 444:../../../os/hal/osal/rt-nil/osal.h ****  * @param[in] freq      clock frequency, in Hz, of the realtime counter
 445:../../../os/hal/osal/rt-nil/osal.h ****  * @param[in] msec      number of milliseconds
 446:../../../os/hal/osal/rt-nil/osal.h ****  * @return              The number of cycles.
 447:../../../os/hal/osal/rt-nil/osal.h ****  *
 448:../../../os/hal/osal/rt-nil/osal.h ****  * @api
 449:../../../os/hal/osal/rt-nil/osal.h ****  */
 450:../../../os/hal/osal/rt-nil/osal.h **** #define OSAL_MS2RTC(freq, msec) MS2RTC(freq, msec)
 451:../../../os/hal/osal/rt-nil/osal.h **** 
 452:../../../os/hal/osal/rt-nil/osal.h **** /**
 453:../../../os/hal/osal/rt-nil/osal.h ****  * @brief   Microseconds to realtime counter.
 454:../../../os/hal/osal/rt-nil/osal.h ****  * @details Converts from microseconds to realtime counter cycles.
 455:../../../os/hal/osal/rt-nil/osal.h ****  * @note    The result is rounded upward to the next microsecond boundary.
 456:../../../os/hal/osal/rt-nil/osal.h ****  * @note    The macro assumes that @p freq >= @p 1000000.
 457:../../../os/hal/osal/rt-nil/osal.h ****  *
 458:../../../os/hal/osal/rt-nil/osal.h ****  * @param[in] freq      clock frequency, in Hz, of the realtime counter
 459:../../../os/hal/osal/rt-nil/osal.h ****  * @param[in] usec      number of microseconds
 460:../../../os/hal/osal/rt-nil/osal.h ****  * @return              The number of cycles.
 461:../../../os/hal/osal/rt-nil/osal.h ****  *
 462:../../../os/hal/osal/rt-nil/osal.h ****  * @api
 463:../../../os/hal/osal/rt-nil/osal.h ****  */
 464:../../../os/hal/osal/rt-nil/osal.h **** #define OSAL_US2RTC(freq, usec) US2RTC(freq, usec)
 465:../../../os/hal/osal/rt-nil/osal.h **** /** @} */
 466:../../../os/hal/osal/rt-nil/osal.h **** 
 467:../../../os/hal/osal/rt-nil/osal.h **** /**
 468:../../../os/hal/osal/rt-nil/osal.h ****  * @name    Sleep macros using absolute time
 469:../../../os/hal/osal/rt-nil/osal.h ****  * @{
 470:../../../os/hal/osal/rt-nil/osal.h ****  */
 471:../../../os/hal/osal/rt-nil/osal.h **** /**
 472:../../../os/hal/osal/rt-nil/osal.h ****  * @brief   Delays the invoking thread for the specified number of seconds.
 473:../../../os/hal/osal/rt-nil/osal.h ****  * @note    The specified time is rounded up to a value allowed by the real
 474:../../../os/hal/osal/rt-nil/osal.h ****  *          system tick clock.
 475:../../../os/hal/osal/rt-nil/osal.h ****  * @note    The maximum specifiable value is implementation dependent.
 476:../../../os/hal/osal/rt-nil/osal.h ****  *
 477:../../../os/hal/osal/rt-nil/osal.h ****  * @param[in] secs      time in seconds, must be different from zero
 478:../../../os/hal/osal/rt-nil/osal.h ****  *
 479:../../../os/hal/osal/rt-nil/osal.h ****  * @api
 480:../../../os/hal/osal/rt-nil/osal.h ****  */
 481:../../../os/hal/osal/rt-nil/osal.h **** #define osalThreadSleepSeconds(secs) osalThreadSleep(OSAL_S2I(secs))
 482:../../../os/hal/osal/rt-nil/osal.h **** 
 483:../../../os/hal/osal/rt-nil/osal.h **** /**
 484:../../../os/hal/osal/rt-nil/osal.h ****  * @brief   Delays the invoking thread for the specified number of
 485:../../../os/hal/osal/rt-nil/osal.h ****  *          milliseconds.
 486:../../../os/hal/osal/rt-nil/osal.h ****  * @note    The specified time is rounded up to a value allowed by the real
 487:../../../os/hal/osal/rt-nil/osal.h ****  *          system tick clock.
 488:../../../os/hal/osal/rt-nil/osal.h ****  * @note    The maximum specifiable value is implementation dependent.
 489:../../../os/hal/osal/rt-nil/osal.h ****  *
 490:../../../os/hal/osal/rt-nil/osal.h ****  * @param[in] msecs     time in milliseconds, must be different from zero
 491:../../../os/hal/osal/rt-nil/osal.h ****  *
 492:../../../os/hal/osal/rt-nil/osal.h ****  * @api
 493:../../../os/hal/osal/rt-nil/osal.h ****  */
 494:../../../os/hal/osal/rt-nil/osal.h **** #define osalThreadSleepMilliseconds(msecs) osalThreadSleep(OSAL_MS2I(msecs))
 495:../../../os/hal/osal/rt-nil/osal.h **** 
 496:../../../os/hal/osal/rt-nil/osal.h **** /**
 497:../../../os/hal/osal/rt-nil/osal.h ****  * @brief   Delays the invoking thread for the specified number of
 498:../../../os/hal/osal/rt-nil/osal.h ****  *          microseconds.
 499:../../../os/hal/osal/rt-nil/osal.h ****  * @note    The specified time is rounded up to a value allowed by the real
 500:../../../os/hal/osal/rt-nil/osal.h ****  *          system tick clock.
 501:../../../os/hal/osal/rt-nil/osal.h ****  * @note    The maximum specifiable value is implementation dependent.
 502:../../../os/hal/osal/rt-nil/osal.h ****  *
 503:../../../os/hal/osal/rt-nil/osal.h ****  * @param[in] usecs     time in microseconds, must be different from zero
 504:../../../os/hal/osal/rt-nil/osal.h ****  *
 505:../../../os/hal/osal/rt-nil/osal.h ****  * @api
 506:../../../os/hal/osal/rt-nil/osal.h ****  */
 507:../../../os/hal/osal/rt-nil/osal.h **** #define osalThreadSleepMicroseconds(usecs) osalThreadSleep(OSAL_US2I(usecs))
 508:../../../os/hal/osal/rt-nil/osal.h **** /** @} */
 509:../../../os/hal/osal/rt-nil/osal.h **** 
 510:../../../os/hal/osal/rt-nil/osal.h **** /*===========================================================================*/
 511:../../../os/hal/osal/rt-nil/osal.h **** /* External declarations.                                                    */
 512:../../../os/hal/osal/rt-nil/osal.h **** /*===========================================================================*/
 513:../../../os/hal/osal/rt-nil/osal.h **** 
 514:../../../os/hal/osal/rt-nil/osal.h **** #ifdef __cplusplus
 515:../../../os/hal/osal/rt-nil/osal.h **** extern "C" {
 516:../../../os/hal/osal/rt-nil/osal.h **** #endif
 517:../../../os/hal/osal/rt-nil/osal.h **** 
 518:../../../os/hal/osal/rt-nil/osal.h **** #ifdef __cplusplus
 519:../../../os/hal/osal/rt-nil/osal.h **** }
 520:../../../os/hal/osal/rt-nil/osal.h **** #endif
 521:../../../os/hal/osal/rt-nil/osal.h **** 
 522:../../../os/hal/osal/rt-nil/osal.h **** /*===========================================================================*/
 523:../../../os/hal/osal/rt-nil/osal.h **** /* Module inline functions.                                                  */
 524:../../../os/hal/osal/rt-nil/osal.h **** /*===========================================================================*/
 525:../../../os/hal/osal/rt-nil/osal.h **** 
 526:../../../os/hal/osal/rt-nil/osal.h **** /**
 527:../../../os/hal/osal/rt-nil/osal.h ****  * @brief   OSAL module initialization.
 528:../../../os/hal/osal/rt-nil/osal.h ****  *
 529:../../../os/hal/osal/rt-nil/osal.h ****  * @api
 530:../../../os/hal/osal/rt-nil/osal.h ****  */
 531:../../../os/hal/osal/rt-nil/osal.h **** static inline void osalInit(void) {
 532:../../../os/hal/osal/rt-nil/osal.h **** 
 533:../../../os/hal/osal/rt-nil/osal.h **** }
 534:../../../os/hal/osal/rt-nil/osal.h **** 
 535:../../../os/hal/osal/rt-nil/osal.h **** /**
 536:../../../os/hal/osal/rt-nil/osal.h ****  * @brief   System halt with error message.
 537:../../../os/hal/osal/rt-nil/osal.h ****  *
 538:../../../os/hal/osal/rt-nil/osal.h ****  * @param[in] reason    the halt message pointer
 539:../../../os/hal/osal/rt-nil/osal.h ****  *
 540:../../../os/hal/osal/rt-nil/osal.h ****  * @api
 541:../../../os/hal/osal/rt-nil/osal.h ****  */
 542:../../../os/hal/osal/rt-nil/osal.h **** static inline void osalSysHalt(const char *reason) {
 543:../../../os/hal/osal/rt-nil/osal.h **** 
 544:../../../os/hal/osal/rt-nil/osal.h ****   chSysHalt(reason);
 545:../../../os/hal/osal/rt-nil/osal.h **** }
 546:../../../os/hal/osal/rt-nil/osal.h **** 
 547:../../../os/hal/osal/rt-nil/osal.h **** /**
 548:../../../os/hal/osal/rt-nil/osal.h ****  * @brief   Disables interrupts globally.
 549:../../../os/hal/osal/rt-nil/osal.h ****  *
 550:../../../os/hal/osal/rt-nil/osal.h ****  * @special
 551:../../../os/hal/osal/rt-nil/osal.h ****  */
 552:../../../os/hal/osal/rt-nil/osal.h **** static inline void osalSysDisable(void) {
 553:../../../os/hal/osal/rt-nil/osal.h **** 
 554:../../../os/hal/osal/rt-nil/osal.h ****   chSysDisable();
 555:../../../os/hal/osal/rt-nil/osal.h **** }
 556:../../../os/hal/osal/rt-nil/osal.h **** 
 557:../../../os/hal/osal/rt-nil/osal.h **** /**
 558:../../../os/hal/osal/rt-nil/osal.h ****  * @brief   Enables interrupts globally.
 559:../../../os/hal/osal/rt-nil/osal.h ****  *
 560:../../../os/hal/osal/rt-nil/osal.h ****  * @special
 561:../../../os/hal/osal/rt-nil/osal.h ****  */
 562:../../../os/hal/osal/rt-nil/osal.h **** static inline void osalSysEnable(void) {
 563:../../../os/hal/osal/rt-nil/osal.h **** 
 564:../../../os/hal/osal/rt-nil/osal.h ****   chSysEnable();
 565:../../../os/hal/osal/rt-nil/osal.h **** }
 566:../../../os/hal/osal/rt-nil/osal.h **** 
 567:../../../os/hal/osal/rt-nil/osal.h **** /**
 568:../../../os/hal/osal/rt-nil/osal.h ****  * @brief   Enters a critical zone from thread context.
 569:../../../os/hal/osal/rt-nil/osal.h ****  * @note    This function cannot be used for reentrant critical zones.
 570:../../../os/hal/osal/rt-nil/osal.h ****  *
 571:../../../os/hal/osal/rt-nil/osal.h ****  * @special
 572:../../../os/hal/osal/rt-nil/osal.h ****  */
 573:../../../os/hal/osal/rt-nil/osal.h **** static inline void osalSysLock(void) {
 574:../../../os/hal/osal/rt-nil/osal.h **** 
 575:../../../os/hal/osal/rt-nil/osal.h ****   chSysLock();
 576:../../../os/hal/osal/rt-nil/osal.h **** }
 577:../../../os/hal/osal/rt-nil/osal.h **** 
 578:../../../os/hal/osal/rt-nil/osal.h **** /**
 579:../../../os/hal/osal/rt-nil/osal.h ****  * @brief   Leaves a critical zone from thread context.
 580:../../../os/hal/osal/rt-nil/osal.h ****  * @note    This function cannot be used for reentrant critical zones.
 581:../../../os/hal/osal/rt-nil/osal.h ****  *
 582:../../../os/hal/osal/rt-nil/osal.h ****  * @special
 583:../../../os/hal/osal/rt-nil/osal.h ****  */
 584:../../../os/hal/osal/rt-nil/osal.h **** static inline void osalSysUnlock(void) {
 585:../../../os/hal/osal/rt-nil/osal.h **** 
 586:../../../os/hal/osal/rt-nil/osal.h ****   chSysUnlock();
 587:../../../os/hal/osal/rt-nil/osal.h **** }
 588:../../../os/hal/osal/rt-nil/osal.h **** 
 589:../../../os/hal/osal/rt-nil/osal.h **** /**
 590:../../../os/hal/osal/rt-nil/osal.h ****  * @brief   Enters a critical zone from ISR context.
 591:../../../os/hal/osal/rt-nil/osal.h ****  * @note    This function cannot be used for reentrant critical zones.
 592:../../../os/hal/osal/rt-nil/osal.h ****  *
 593:../../../os/hal/osal/rt-nil/osal.h ****  * @special
 594:../../../os/hal/osal/rt-nil/osal.h ****  */
 595:../../../os/hal/osal/rt-nil/osal.h **** static inline void osalSysLockFromISR(void) {
 596:../../../os/hal/osal/rt-nil/osal.h **** 
 597:../../../os/hal/osal/rt-nil/osal.h ****   chSysLockFromISR();
 598:../../../os/hal/osal/rt-nil/osal.h **** }
 599:../../../os/hal/osal/rt-nil/osal.h **** 
 600:../../../os/hal/osal/rt-nil/osal.h **** /**
 601:../../../os/hal/osal/rt-nil/osal.h ****  * @brief   Leaves a critical zone from ISR context.
 602:../../../os/hal/osal/rt-nil/osal.h ****  * @note    This function cannot be used for reentrant critical zones.
 603:../../../os/hal/osal/rt-nil/osal.h ****  *
 604:../../../os/hal/osal/rt-nil/osal.h ****  * @special
 605:../../../os/hal/osal/rt-nil/osal.h ****  */
 606:../../../os/hal/osal/rt-nil/osal.h **** static inline void osalSysUnlockFromISR(void) {
 607:../../../os/hal/osal/rt-nil/osal.h **** 
 608:../../../os/hal/osal/rt-nil/osal.h ****   chSysUnlockFromISR();
 609:../../../os/hal/osal/rt-nil/osal.h **** }
 610:../../../os/hal/osal/rt-nil/osal.h **** 
 611:../../../os/hal/osal/rt-nil/osal.h **** /**
 612:../../../os/hal/osal/rt-nil/osal.h ****  * @brief   Returns the execution status and enters a critical zone.
 613:../../../os/hal/osal/rt-nil/osal.h ****  * @details This functions enters into a critical zone and can be called
 614:../../../os/hal/osal/rt-nil/osal.h ****  *          from any context. Because its flexibility it is less efficient
 615:../../../os/hal/osal/rt-nil/osal.h ****  *          than @p chSysLock() which is preferable when the calling context
 616:../../../os/hal/osal/rt-nil/osal.h ****  *          is known.
 617:../../../os/hal/osal/rt-nil/osal.h ****  * @post    The system is in a critical zone.
 618:../../../os/hal/osal/rt-nil/osal.h ****  *
 619:../../../os/hal/osal/rt-nil/osal.h ****  * @return              The previous system status, the encoding of this
 620:../../../os/hal/osal/rt-nil/osal.h ****  *                      status word is architecture-dependent and opaque.
 621:../../../os/hal/osal/rt-nil/osal.h ****  *
 622:../../../os/hal/osal/rt-nil/osal.h ****  * @xclass
 623:../../../os/hal/osal/rt-nil/osal.h ****  */
 624:../../../os/hal/osal/rt-nil/osal.h **** static inline syssts_t osalSysGetStatusAndLockX(void) {
 625:../../../os/hal/osal/rt-nil/osal.h **** 
 626:../../../os/hal/osal/rt-nil/osal.h ****   return chSysGetStatusAndLockX();
 627:../../../os/hal/osal/rt-nil/osal.h **** }
 628:../../../os/hal/osal/rt-nil/osal.h **** 
 629:../../../os/hal/osal/rt-nil/osal.h **** /**
 630:../../../os/hal/osal/rt-nil/osal.h ****  * @brief   Restores the specified execution status and leaves a critical zone.
 631:../../../os/hal/osal/rt-nil/osal.h ****  * @note    A call to @p chSchRescheduleS() is automatically performed
 632:../../../os/hal/osal/rt-nil/osal.h ****  *          if exiting the critical zone and if not in ISR context.
 633:../../../os/hal/osal/rt-nil/osal.h ****  *
 634:../../../os/hal/osal/rt-nil/osal.h ****  * @param[in] sts       the system status to be restored.
 635:../../../os/hal/osal/rt-nil/osal.h ****  *
 636:../../../os/hal/osal/rt-nil/osal.h ****  * @xclass
 637:../../../os/hal/osal/rt-nil/osal.h ****  */
 638:../../../os/hal/osal/rt-nil/osal.h **** static inline void osalSysRestoreStatusX(syssts_t sts) {
 639:../../../os/hal/osal/rt-nil/osal.h **** 
 640:../../../os/hal/osal/rt-nil/osal.h ****   chSysRestoreStatusX(sts);
 641:../../../os/hal/osal/rt-nil/osal.h **** }
 642:../../../os/hal/osal/rt-nil/osal.h **** 
 643:../../../os/hal/osal/rt-nil/osal.h **** /**
 644:../../../os/hal/osal/rt-nil/osal.h ****  * @brief   Polled delay.
 645:../../../os/hal/osal/rt-nil/osal.h ****  * @note    The real delay is always few cycles in excess of the specified
 646:../../../os/hal/osal/rt-nil/osal.h ****  *          value.
 647:../../../os/hal/osal/rt-nil/osal.h ****  *
 648:../../../os/hal/osal/rt-nil/osal.h ****  * @param[in] cycles    number of cycles
 649:../../../os/hal/osal/rt-nil/osal.h ****  *
 650:../../../os/hal/osal/rt-nil/osal.h ****  * @xclass
 651:../../../os/hal/osal/rt-nil/osal.h ****  */
 652:../../../os/hal/osal/rt-nil/osal.h **** #if (PORT_SUPPORTS_RT == TRUE) || defined(__DOXYGEN__)
 653:../../../os/hal/osal/rt-nil/osal.h **** static inline void osalSysPolledDelayX(rtcnt_t cycles) {
 654:../../../os/hal/osal/rt-nil/osal.h **** 
 655:../../../os/hal/osal/rt-nil/osal.h ****   chSysPolledDelayX(cycles);
 656:../../../os/hal/osal/rt-nil/osal.h **** }
 657:../../../os/hal/osal/rt-nil/osal.h **** #endif
 658:../../../os/hal/osal/rt-nil/osal.h **** 
 659:../../../os/hal/osal/rt-nil/osal.h **** /**
 660:../../../os/hal/osal/rt-nil/osal.h ****  * @brief   Systick callback for the underlying OS.
 661:../../../os/hal/osal/rt-nil/osal.h ****  * @note    This callback is only defined if the OSAL requires such a
 662:../../../os/hal/osal/rt-nil/osal.h ****  *          service from the HAL.
 663:../../../os/hal/osal/rt-nil/osal.h ****  */
 664:../../../os/hal/osal/rt-nil/osal.h **** #if (OSAL_ST_MODE != OSAL_ST_MODE_NONE) || defined(__DOXYGEN__)
 665:../../../os/hal/osal/rt-nil/osal.h **** static inline void osalOsTimerHandlerI(void) {
 666:../../../os/hal/osal/rt-nil/osal.h **** 
 667:../../../os/hal/osal/rt-nil/osal.h ****   chSysTimerHandlerI();
 668:../../../os/hal/osal/rt-nil/osal.h **** }
 669:../../../os/hal/osal/rt-nil/osal.h **** #endif
 670:../../../os/hal/osal/rt-nil/osal.h **** 
 671:../../../os/hal/osal/rt-nil/osal.h **** /**
 672:../../../os/hal/osal/rt-nil/osal.h ****  * @brief   Checks if a reschedule is required and performs it.
 673:../../../os/hal/osal/rt-nil/osal.h ****  * @note    I-Class functions invoked from thread context must not reschedule
 674:../../../os/hal/osal/rt-nil/osal.h ****  *          by themselves, an explicit reschedule using this function is
 675:../../../os/hal/osal/rt-nil/osal.h ****  *          required in this scenario.
 676:../../../os/hal/osal/rt-nil/osal.h ****  * @note    Not implemented in this simplified OSAL.
 677:../../../os/hal/osal/rt-nil/osal.h ****  *
 678:../../../os/hal/osal/rt-nil/osal.h ****  * @sclass
 679:../../../os/hal/osal/rt-nil/osal.h ****  */
 680:../../../os/hal/osal/rt-nil/osal.h **** static inline void osalOsRescheduleS(void) {
 681:../../../os/hal/osal/rt-nil/osal.h **** 
 682:../../../os/hal/osal/rt-nil/osal.h ****   chSchRescheduleS();
 683:../../../os/hal/osal/rt-nil/osal.h **** }
 684:../../../os/hal/osal/rt-nil/osal.h **** 
 685:../../../os/hal/osal/rt-nil/osal.h **** /**
 686:../../../os/hal/osal/rt-nil/osal.h ****  * @brief   Current system time.
 687:../../../os/hal/osal/rt-nil/osal.h ****  * @details Returns the number of system ticks since the @p osalInit()
 688:../../../os/hal/osal/rt-nil/osal.h ****  *          invocation.
 689:../../../os/hal/osal/rt-nil/osal.h ****  * @note    The counter can reach its maximum and then restart from zero.
 690:../../../os/hal/osal/rt-nil/osal.h ****  * @note    This function can be called from any context but its atomicity
 691:../../../os/hal/osal/rt-nil/osal.h ****  *          is not guaranteed on architectures whose word size is less than
 692:../../../os/hal/osal/rt-nil/osal.h ****  *          @p systime_t size.
 693:../../../os/hal/osal/rt-nil/osal.h ****  *
 694:../../../os/hal/osal/rt-nil/osal.h ****  * @return              The system time in ticks.
 695:../../../os/hal/osal/rt-nil/osal.h ****  *
 696:../../../os/hal/osal/rt-nil/osal.h ****  * @xclass
 697:../../../os/hal/osal/rt-nil/osal.h ****  */
 698:../../../os/hal/osal/rt-nil/osal.h **** static inline systime_t osalOsGetSystemTimeX(void) {
 699:../../../os/hal/osal/rt-nil/osal.h **** 
 700:../../../os/hal/osal/rt-nil/osal.h ****   return chVTGetSystemTimeX();
 701:../../../os/hal/osal/rt-nil/osal.h **** }
 702:../../../os/hal/osal/rt-nil/osal.h **** 
 703:../../../os/hal/osal/rt-nil/osal.h **** /**
 704:../../../os/hal/osal/rt-nil/osal.h ****  * @brief   Adds an interval to a system time returning a system time.
 705:../../../os/hal/osal/rt-nil/osal.h ****  *
 706:../../../os/hal/osal/rt-nil/osal.h ****  * @param[in] systime   base system time
 707:../../../os/hal/osal/rt-nil/osal.h ****  * @param[in] interval  interval to be added
 708:../../../os/hal/osal/rt-nil/osal.h ****  * @return              The new system time.
 709:../../../os/hal/osal/rt-nil/osal.h ****  *
 710:../../../os/hal/osal/rt-nil/osal.h ****  * @xclass
 711:../../../os/hal/osal/rt-nil/osal.h ****  */
 712:../../../os/hal/osal/rt-nil/osal.h **** static inline systime_t osalTimeAddX(systime_t systime,
 713:../../../os/hal/osal/rt-nil/osal.h ****                                      sysinterval_t interval) {
 714:../../../os/hal/osal/rt-nil/osal.h **** 
 715:../../../os/hal/osal/rt-nil/osal.h ****   return chTimeAddX(systime, interval);
 716:../../../os/hal/osal/rt-nil/osal.h **** }
 717:../../../os/hal/osal/rt-nil/osal.h **** 
 718:../../../os/hal/osal/rt-nil/osal.h **** /**
 719:../../../os/hal/osal/rt-nil/osal.h ****  * @brief   Subtracts two system times returning an interval.
 720:../../../os/hal/osal/rt-nil/osal.h ****  *
 721:../../../os/hal/osal/rt-nil/osal.h ****  * @param[in] start     first system time
 722:../../../os/hal/osal/rt-nil/osal.h ****  * @param[in] end       second system time
 723:../../../os/hal/osal/rt-nil/osal.h ****  * @return              The interval representing the time difference.
 724:../../../os/hal/osal/rt-nil/osal.h ****  *
 725:../../../os/hal/osal/rt-nil/osal.h ****  * @xclass
 726:../../../os/hal/osal/rt-nil/osal.h ****  */
 727:../../../os/hal/osal/rt-nil/osal.h **** static inline sysinterval_t osalTimeDiffX(systime_t start, systime_t end) {
 728:../../../os/hal/osal/rt-nil/osal.h **** 
 729:../../../os/hal/osal/rt-nil/osal.h ****   return chTimeDiffX(start, end);
 730:../../../os/hal/osal/rt-nil/osal.h **** }
 731:../../../os/hal/osal/rt-nil/osal.h **** 
 732:../../../os/hal/osal/rt-nil/osal.h **** /**
 733:../../../os/hal/osal/rt-nil/osal.h ****  * @brief   Checks if the specified time is within the specified time window.
 734:../../../os/hal/osal/rt-nil/osal.h ****  * @note    When start==end then the function returns always true because the
 735:../../../os/hal/osal/rt-nil/osal.h ****  *          whole time range is specified.
 736:../../../os/hal/osal/rt-nil/osal.h ****  * @note    This function can be called from any context.
 737:../../../os/hal/osal/rt-nil/osal.h ****  *
 738:../../../os/hal/osal/rt-nil/osal.h ****  * @param[in] time      the time to be verified
 739:../../../os/hal/osal/rt-nil/osal.h ****  * @param[in] start     the start of the time window (inclusive)
 740:../../../os/hal/osal/rt-nil/osal.h ****  * @param[in] end       the end of the time window (non inclusive)
 741:../../../os/hal/osal/rt-nil/osal.h ****  * @retval true         current time within the specified time window.
 742:../../../os/hal/osal/rt-nil/osal.h ****  * @retval false        current time not within the specified time window.
 743:../../../os/hal/osal/rt-nil/osal.h ****  *
 744:../../../os/hal/osal/rt-nil/osal.h ****  * @xclass
 745:../../../os/hal/osal/rt-nil/osal.h ****  */
 746:../../../os/hal/osal/rt-nil/osal.h **** static inline bool osalTimeIsInRangeX(systime_t time,
 747:../../../os/hal/osal/rt-nil/osal.h ****                                       systime_t start,
 748:../../../os/hal/osal/rt-nil/osal.h ****                                       systime_t end) {
 749:../../../os/hal/osal/rt-nil/osal.h **** 
 750:../../../os/hal/osal/rt-nil/osal.h ****   return chTimeIsInRangeX(time, start, end);
 751:../../../os/hal/osal/rt-nil/osal.h **** }
 752:../../../os/hal/osal/rt-nil/osal.h **** 
 753:../../../os/hal/osal/rt-nil/osal.h **** /**
 754:../../../os/hal/osal/rt-nil/osal.h ****  * @brief   Suspends the invoking thread for the specified time.
 755:../../../os/hal/osal/rt-nil/osal.h ****  *
 756:../../../os/hal/osal/rt-nil/osal.h ****  * @param[in] delay     the delay in system ticks, the special values are
 757:../../../os/hal/osal/rt-nil/osal.h ****  *                      handled as follow:
 758:../../../os/hal/osal/rt-nil/osal.h ****  *                      - @a TIME_INFINITE is allowed but interpreted as a
 759:../../../os/hal/osal/rt-nil/osal.h ****  *                        normal time specification.
 760:../../../os/hal/osal/rt-nil/osal.h ****  *                      - @a TIME_IMMEDIATE this value is not allowed.
 761:../../../os/hal/osal/rt-nil/osal.h ****  *                      .
 762:../../../os/hal/osal/rt-nil/osal.h ****  *
 763:../../../os/hal/osal/rt-nil/osal.h ****  * @sclass
 764:../../../os/hal/osal/rt-nil/osal.h ****  */
 765:../../../os/hal/osal/rt-nil/osal.h **** static inline void osalThreadSleepS(sysinterval_t delay) {
 766:../../../os/hal/osal/rt-nil/osal.h **** 
 767:../../../os/hal/osal/rt-nil/osal.h ****   chThdSleepS(delay);
 768:../../../os/hal/osal/rt-nil/osal.h **** }
 769:../../../os/hal/osal/rt-nil/osal.h **** 
 770:../../../os/hal/osal/rt-nil/osal.h **** /**
 771:../../../os/hal/osal/rt-nil/osal.h ****  * @brief   Suspends the invoking thread for the specified time.
 772:../../../os/hal/osal/rt-nil/osal.h ****  *
 773:../../../os/hal/osal/rt-nil/osal.h ****  * @param[in] delay     the delay in system ticks, the special values are
 774:../../../os/hal/osal/rt-nil/osal.h ****  *                      handled as follow:
 775:../../../os/hal/osal/rt-nil/osal.h ****  *                      - @a TIME_INFINITE is allowed but interpreted as a
 776:../../../os/hal/osal/rt-nil/osal.h ****  *                        normal time specification.
 777:../../../os/hal/osal/rt-nil/osal.h ****  *                      - @a TIME_IMMEDIATE this value is not allowed.
 778:../../../os/hal/osal/rt-nil/osal.h ****  *                      .
 779:../../../os/hal/osal/rt-nil/osal.h ****  *
 780:../../../os/hal/osal/rt-nil/osal.h ****  * @api
 781:../../../os/hal/osal/rt-nil/osal.h ****  */
 782:../../../os/hal/osal/rt-nil/osal.h **** static inline void osalThreadSleep(sysinterval_t delay) {
 783:../../../os/hal/osal/rt-nil/osal.h **** 
 784:../../../os/hal/osal/rt-nil/osal.h ****   chThdSleep(delay);
  68               		.loc 2 784 0
  69 001a 88EE      		ldi r24,lo8(-24)
  70 001c C82E      		mov r12,r24
  71 001e 83E0      		ldi r24,lo8(3)
  72 0020 D82E      		mov r13,r24
  73 0022 E12C      		mov r14,__zero_reg__
  74 0024 F12C      		mov r15,__zero_reg__
  75               	.LVL1:
  76 0026 00C0      		rjmp .L3
  77               	.LVL2:
  78               	.L6:
  79 0028 2981      		ldd r18,Y+1
  80 002a 3A81      		ldd r19,Y+2
  81 002c 4B81      		ldd r20,Y+3
  82 002e 5C81      		ldd r21,Y+4
  83 0030 A8E0      		ldi r26,lo8(8)
  84 0032 BDE3      		ldi r27,lo8(61)
  85 0034 0E94 0000 		call __muluhisi3
  86 0038 6951      		subi r22,25
  87 003a 7C4F      		sbci r23,-4
  88 003c 8F4F      		sbci r24,-1
  89 003e 9F4F      		sbci r25,-1
  90 0040 A701      		movw r20,r14
  91 0042 9601      		movw r18,r12
  92 0044 0E94 0000 		call __udivmodsi4
  93 0048 C901      		movw r24,r18
  94               	.LVL3:
  95 004a 0E94 0000 		call chThdSleep
  96               	.LVL4:
  97               	.L3:
  98               	.LBE7:
  99               	.LBE6:
  62:../../../os/hal/src/hal_flash.c **** 
  63:../../../os/hal/src/hal_flash.c ****   while (true) {
  64:../../../os/hal/src/hal_flash.c ****     flash_error_t err;
  65:../../../os/hal/src/hal_flash.c ****     uint32_t msec;
  66:../../../os/hal/src/hal_flash.c **** 
  67:../../../os/hal/src/hal_flash.c ****     /* Checking operation state.*/
  68:../../../os/hal/src/hal_flash.c ****     err = flashQueryErase(devp, &msec);
 100               		.loc 1 68 0
 101 004e D801      		movw r26,r16
 102 0050 ED91      		ld r30,X+
 103 0052 FC91      		ld r31,X
 104 0054 0484      		ldd __tmp_reg__,Z+12
 105 0056 F585      		ldd r31,Z+13
 106 0058 E02D      		mov r30,__tmp_reg__
 107 005a BE01      		movw r22,r28
 108 005c 6F5F      		subi r22,-1
 109 005e 7F4F      		sbci r23,-1
 110 0060 C801      		movw r24,r16
 111 0062 0995      		icall
 112               	.LVL5:
  69:../../../os/hal/src/hal_flash.c ****     if (err != FLASH_BUSY_ERASING) {
 113               		.loc 1 69 0
 114 0064 8130      		cpi r24,lo8(1)
 115 0066 01F0      		breq .L6
 116               	/* epilogue start */
 117               	.LBE5:
  70:../../../os/hal/src/hal_flash.c ****       return err;
  71:../../../os/hal/src/hal_flash.c ****     }
  72:../../../os/hal/src/hal_flash.c **** 
  73:../../../os/hal/src/hal_flash.c ****     /* Interval because nice waiting.*/
  74:../../../os/hal/src/hal_flash.c ****     osalThreadSleepMilliseconds(msec);
  75:../../../os/hal/src/hal_flash.c ****   }
  76:../../../os/hal/src/hal_flash.c **** }
 118               		.loc 1 76 0
 119 0068 0F90      		pop __tmp_reg__
 120 006a 0F90      		pop __tmp_reg__
 121 006c 0F90      		pop __tmp_reg__
 122 006e 0F90      		pop __tmp_reg__
 123 0070 DF91      		pop r29
 124 0072 CF91      		pop r28
 125 0074 1F91      		pop r17
 126 0076 0F91      		pop r16
 127               	.LVL6:
 128 0078 FF90      		pop r15
 129 007a EF90      		pop r14
 130 007c DF90      		pop r13
 131 007e CF90      		pop r12
 132 0080 0895      		ret
 133               		.cfi_endproc
 134               	.LFE146:
 136               		.section	.text.flashGetSectorOffset,"ax",@progbits
 137               	.global	flashGetSectorOffset
 139               	flashGetSectorOffset:
 140               	.LFB147:
  77:../../../os/hal/src/hal_flash.c **** 
  78:../../../os/hal/src/hal_flash.c **** /**
  79:../../../os/hal/src/hal_flash.c ****  * @brief   Returns the offset of a sector.
  80:../../../os/hal/src/hal_flash.c ****  *
  81:../../../os/hal/src/hal_flash.c ****  * @param[in] devp      pointer to a @p BaseFlash object
  82:../../../os/hal/src/hal_flash.c ****  * @param[in] sector    flash sector number
  83:../../../os/hal/src/hal_flash.c ****  * @return              Sector offset.
  84:../../../os/hal/src/hal_flash.c ****  *
  85:../../../os/hal/src/hal_flash.c ****  * @api
  86:../../../os/hal/src/hal_flash.c ****  */
  87:../../../os/hal/src/hal_flash.c **** flash_offset_t flashGetSectorOffset(BaseFlash *devp,
  88:../../../os/hal/src/hal_flash.c ****                                     flash_sector_t sector) {
 141               		.loc 1 88 0
 142               		.cfi_startproc
 143               	.LVL7:
 144 0000 CF92      		push r12
 145               	.LCFI10:
 146               		.cfi_def_cfa_offset 3
 147               		.cfi_offset 12, -2
 148 0002 DF92      		push r13
 149               	.LCFI11:
 150               		.cfi_def_cfa_offset 4
 151               		.cfi_offset 13, -3
 152 0004 EF92      		push r14
 153               	.LCFI12:
 154               		.cfi_def_cfa_offset 5
 155               		.cfi_offset 14, -4
 156 0006 FF92      		push r15
 157               	.LCFI13:
 158               		.cfi_def_cfa_offset 6
 159               		.cfi_offset 15, -5
 160               	/* prologue: function */
 161               	/* frame size = 0 */
 162               	/* stack size = 4 */
 163               	.L__stack_usage = 4
 164 0008 6A01      		movw r12,r20
 165 000a 7B01      		movw r14,r22
  89:../../../os/hal/src/hal_flash.c ****   flash_offset_t offset;
  90:../../../os/hal/src/hal_flash.c ****   const flash_descriptor_t *descriptor = flashGetDescriptor(devp);
 166               		.loc 1 90 0
 167 000c DC01      		movw r26,r24
 168 000e ED91      		ld r30,X+
 169 0010 FC91      		ld r31,X
 170 0012 0280      		ldd __tmp_reg__,Z+2
 171 0014 F381      		ldd r31,Z+3
 172 0016 E02D      		mov r30,__tmp_reg__
 173 0018 0995      		icall
 174               	.LVL8:
  91:../../../os/hal/src/hal_flash.c **** 
  92:../../../os/hal/src/hal_flash.c ****   osalDbgAssert(sector < descriptor->sectors_count, "invalid sector");
  93:../../../os/hal/src/hal_flash.c **** 
  94:../../../os/hal/src/hal_flash.c ****   if (descriptor->sectors != NULL) {
 175               		.loc 1 94 0
 176 001a FC01      		movw r30,r24
 177 001c 2485      		ldd r18,Z+12
 178 001e 3585      		ldd r19,Z+13
 179 0020 2115      		cp r18,__zero_reg__
 180 0022 3105      		cpc r19,__zero_reg__
 181 0024 01F0      		breq .L8
  95:../../../os/hal/src/hal_flash.c ****     offset = descriptor->sectors[sector].offset;
 182               		.loc 1 95 0
 183 0026 CC0C      		lsl r12
 184 0028 DD1C      		rol r13
 185 002a CC0C      		lsl r12
 186 002c DD1C      		rol r13
 187 002e CC0C      		lsl r12
 188 0030 DD1C      		rol r13
 189               	.LVL9:
 190 0032 F901      		movw r30,r18
 191               	.LVL10:
 192 0034 EC0D      		add r30,r12
 193 0036 FD1D      		adc r31,r13
 194 0038 6081      		ld r22,Z
 195 003a 7181      		ldd r23,Z+1
 196 003c 8281      		ldd r24,Z+2
 197 003e 9381      		ldd r25,Z+3
 198               	.LVL11:
 199               	/* epilogue start */
  96:../../../os/hal/src/hal_flash.c ****   }
  97:../../../os/hal/src/hal_flash.c ****   else {
  98:../../../os/hal/src/hal_flash.c ****     offset = (flash_offset_t)sector * (flash_offset_t)descriptor->sectors_size;
  99:../../../os/hal/src/hal_flash.c ****   }
 100:../../../os/hal/src/hal_flash.c **** 
 101:../../../os/hal/src/hal_flash.c ****   return offset;
 102:../../../os/hal/src/hal_flash.c **** }
 200               		.loc 1 102 0
 201 0040 FF90      		pop r15
 202 0042 EF90      		pop r14
 203 0044 DF90      		pop r13
 204 0046 CF90      		pop r12
 205 0048 0895      		ret
 206               	.LVL12:
 207               	.L8:
  98:../../../os/hal/src/hal_flash.c ****   }
 208               		.loc 1 98 0
 209 004a 6685      		ldd r22,Z+14
 210 004c 7785      		ldd r23,Z+15
 211 004e 8089      		ldd r24,Z+16
 212 0050 9189      		ldd r25,Z+17
 213 0052 A701      		movw r20,r14
 214 0054 9601      		movw r18,r12
 215 0056 0E94 0000 		call __mulsi3
 216               	.LVL13:
 217               	/* epilogue start */
 218               		.loc 1 102 0
 219 005a FF90      		pop r15
 220 005c EF90      		pop r14
 221 005e DF90      		pop r13
 222 0060 CF90      		pop r12
 223               	.LVL14:
 224 0062 0895      		ret
 225               		.cfi_endproc
 226               	.LFE147:
 228               		.section	.text.flashGetSectorSize,"ax",@progbits
 229               	.global	flashGetSectorSize
 231               	flashGetSectorSize:
 232               	.LFB148:
 103:../../../os/hal/src/hal_flash.c **** 
 104:../../../os/hal/src/hal_flash.c **** /**
 105:../../../os/hal/src/hal_flash.c ****  * @brief   Returns the size of a sector.
 106:../../../os/hal/src/hal_flash.c ****  *
 107:../../../os/hal/src/hal_flash.c ****  * @param[in] devp      pointer to a @p BaseFlash object
 108:../../../os/hal/src/hal_flash.c ****  * @param[in] sector    flash sector number
 109:../../../os/hal/src/hal_flash.c ****  * @return              Sector size.
 110:../../../os/hal/src/hal_flash.c ****  *
 111:../../../os/hal/src/hal_flash.c ****  * @api
 112:../../../os/hal/src/hal_flash.c ****  */
 113:../../../os/hal/src/hal_flash.c **** uint32_t flashGetSectorSize(BaseFlash *devp,
 114:../../../os/hal/src/hal_flash.c ****                             flash_sector_t sector) {
 233               		.loc 1 114 0
 234               		.cfi_startproc
 235               	.LVL15:
 236 0000 CF92      		push r12
 237               	.LCFI14:
 238               		.cfi_def_cfa_offset 3
 239               		.cfi_offset 12, -2
 240 0002 DF92      		push r13
 241               	.LCFI15:
 242               		.cfi_def_cfa_offset 4
 243               		.cfi_offset 13, -3
 244 0004 EF92      		push r14
 245               	.LCFI16:
 246               		.cfi_def_cfa_offset 5
 247               		.cfi_offset 14, -4
 248 0006 FF92      		push r15
 249               	.LCFI17:
 250               		.cfi_def_cfa_offset 6
 251               		.cfi_offset 15, -5
 252               	/* prologue: function */
 253               	/* frame size = 0 */
 254               	/* stack size = 4 */
 255               	.L__stack_usage = 4
 256 0008 6A01      		movw r12,r20
 257 000a 7B01      		movw r14,r22
 115:../../../os/hal/src/hal_flash.c ****   uint32_t size;
 116:../../../os/hal/src/hal_flash.c ****   const flash_descriptor_t *descriptor = flashGetDescriptor(devp);
 258               		.loc 1 116 0
 259 000c DC01      		movw r26,r24
 260 000e ED91      		ld r30,X+
 261 0010 FC91      		ld r31,X
 262 0012 0280      		ldd __tmp_reg__,Z+2
 263 0014 F381      		ldd r31,Z+3
 264 0016 E02D      		mov r30,__tmp_reg__
 265 0018 0995      		icall
 266               	.LVL16:
 117:../../../os/hal/src/hal_flash.c **** 
 118:../../../os/hal/src/hal_flash.c ****   osalDbgAssert(sector < descriptor->sectors_count, "invalid sector");
 119:../../../os/hal/src/hal_flash.c **** 
 120:../../../os/hal/src/hal_flash.c ****   if (descriptor->sectors != NULL) {
 267               		.loc 1 120 0
 268 001a FC01      		movw r30,r24
 269 001c 2485      		ldd r18,Z+12
 270 001e 3585      		ldd r19,Z+13
 271 0020 2115      		cp r18,__zero_reg__
 272 0022 3105      		cpc r19,__zero_reg__
 273 0024 01F0      		breq .L11
 121:../../../os/hal/src/hal_flash.c ****     size = descriptor->sectors[sector].size;
 274               		.loc 1 121 0
 275 0026 CC0C      		lsl r12
 276 0028 DD1C      		rol r13
 277 002a CC0C      		lsl r12
 278 002c DD1C      		rol r13
 279 002e CC0C      		lsl r12
 280 0030 DD1C      		rol r13
 281               	.LVL17:
 282 0032 F901      		movw r30,r18
 283               	.LVL18:
 284 0034 EC0D      		add r30,r12
 285 0036 FD1D      		adc r31,r13
 286 0038 6481      		ldd r22,Z+4
 287 003a 7581      		ldd r23,Z+5
 288 003c 8681      		ldd r24,Z+6
 289 003e 9781      		ldd r25,Z+7
 290               	.LVL19:
 291               	/* epilogue start */
 122:../../../os/hal/src/hal_flash.c ****   }
 123:../../../os/hal/src/hal_flash.c ****   else {
 124:../../../os/hal/src/hal_flash.c ****     size = descriptor->sectors_size;
 125:../../../os/hal/src/hal_flash.c ****   }
 126:../../../os/hal/src/hal_flash.c **** 
 127:../../../os/hal/src/hal_flash.c ****   return size;
 128:../../../os/hal/src/hal_flash.c **** }
 292               		.loc 1 128 0
 293 0040 FF90      		pop r15
 294 0042 EF90      		pop r14
 295 0044 DF90      		pop r13
 296 0046 CF90      		pop r12
 297 0048 0895      		ret
 298               	.LVL20:
 299               	.L11:
 124:../../../os/hal/src/hal_flash.c ****   }
 300               		.loc 1 124 0
 301 004a 6685      		ldd r22,Z+14
 302 004c 7785      		ldd r23,Z+15
 303 004e 8089      		ldd r24,Z+16
 304 0050 9189      		ldd r25,Z+17
 305               	.LVL21:
 306               	/* epilogue start */
 307               		.loc 1 128 0
 308 0052 FF90      		pop r15
 309 0054 EF90      		pop r14
 310 0056 DF90      		pop r13
 311 0058 CF90      		pop r12
 312               	.LVL22:
 313 005a 0895      		ret
 314               		.cfi_endproc
 315               	.LFE148:
 317               		.section	.text.flashGetOffsetSector,"ax",@progbits
 318               	.global	flashGetOffsetSector
 320               	flashGetOffsetSector:
 321               	.LFB149:
 129:../../../os/hal/src/hal_flash.c **** 
 130:../../../os/hal/src/hal_flash.c **** /**
 131:../../../os/hal/src/hal_flash.c ****  * @brief   Returns the sector of an offset.
 132:../../../os/hal/src/hal_flash.c ****  *
 133:../../../os/hal/src/hal_flash.c ****  * @param[in] devp      pointer to a @p BaseFlash object
 134:../../../os/hal/src/hal_flash.c ****  * @param[in] offset    flash offset
 135:../../../os/hal/src/hal_flash.c ****  * @return              Flash sector.
 136:../../../os/hal/src/hal_flash.c ****  *
 137:../../../os/hal/src/hal_flash.c ****  * @api
 138:../../../os/hal/src/hal_flash.c ****  */
 139:../../../os/hal/src/hal_flash.c **** flash_sector_t flashGetOffsetSector(BaseFlash *devp, flash_offset_t offset) {
 322               		.loc 1 139 0
 323               		.cfi_startproc
 324               	.LVL23:
 325 0000 8F92      		push r8
 326               	.LCFI18:
 327               		.cfi_def_cfa_offset 3
 328               		.cfi_offset 8, -2
 329 0002 9F92      		push r9
 330               	.LCFI19:
 331               		.cfi_def_cfa_offset 4
 332               		.cfi_offset 9, -3
 333 0004 AF92      		push r10
 334               	.LCFI20:
 335               		.cfi_def_cfa_offset 5
 336               		.cfi_offset 10, -4
 337 0006 BF92      		push r11
 338               	.LCFI21:
 339               		.cfi_def_cfa_offset 6
 340               		.cfi_offset 11, -5
 341 0008 CF92      		push r12
 342               	.LCFI22:
 343               		.cfi_def_cfa_offset 7
 344               		.cfi_offset 12, -6
 345 000a DF92      		push r13
 346               	.LCFI23:
 347               		.cfi_def_cfa_offset 8
 348               		.cfi_offset 13, -7
 349 000c EF92      		push r14
 350               	.LCFI24:
 351               		.cfi_def_cfa_offset 9
 352               		.cfi_offset 14, -8
 353 000e FF92      		push r15
 354               	.LCFI25:
 355               		.cfi_def_cfa_offset 10
 356               		.cfi_offset 15, -9
 357 0010 0F93      		push r16
 358               	.LCFI26:
 359               		.cfi_def_cfa_offset 11
 360               		.cfi_offset 16, -10
 361 0012 1F93      		push r17
 362               	.LCFI27:
 363               		.cfi_def_cfa_offset 12
 364               		.cfi_offset 17, -11
 365               	/* prologue: function */
 366               	/* frame size = 0 */
 367               	/* stack size = 10 */
 368               	.L__stack_usage = 10
 369 0014 6A01      		movw r12,r20
 370 0016 7B01      		movw r14,r22
 140:../../../os/hal/src/hal_flash.c ****   flash_sector_t sector, i;
 141:../../../os/hal/src/hal_flash.c ****   const flash_descriptor_t *descriptor = flashGetDescriptor(devp);
 371               		.loc 1 141 0
 372 0018 DC01      		movw r26,r24
 373 001a ED91      		ld r30,X+
 374 001c FC91      		ld r31,X
 375 001e 0280      		ldd __tmp_reg__,Z+2
 376 0020 F381      		ldd r31,Z+3
 377 0022 E02D      		mov r30,__tmp_reg__
 378 0024 0995      		icall
 379               	.LVL24:
 142:../../../os/hal/src/hal_flash.c **** 
 143:../../../os/hal/src/hal_flash.c ****   osalDbgAssert(offset < descriptor->size, "invalid offset");
 144:../../../os/hal/src/hal_flash.c **** 
 145:../../../os/hal/src/hal_flash.c ****   if (descriptor->sectors != NULL) {
 380               		.loc 1 145 0
 381 0026 DC01      		movw r26,r24
 382 0028 1C96      		adiw r26,12
 383 002a ED91      		ld r30,X+
 384 002c FC91      		ld r31,X
 385 002e 1D97      		sbiw r26,12+1
 386 0030 3097      		sbiw r30,0
 387 0032 01F4      		brne .+2
 388 0034 00C0      		rjmp .L14
 389               	.LVL25:
 390               	.LBB8:
 146:../../../os/hal/src/hal_flash.c ****     flash_offset_t sector_start;
 147:../../../os/hal/src/hal_flash.c ****     flash_offset_t sector_end;
 148:../../../os/hal/src/hal_flash.c ****     for (i = 0; i < descriptor->sectors_count; i++) {
 391               		.loc 1 148 0 discriminator 1
 392 0036 1896      		adiw r26,8
 393 0038 4D91      		ld r20,X+
 394 003a 5D91      		ld r21,X+
 395 003c 6D91      		ld r22,X+
 396 003e 7C91      		ld r23,X
 397 0040 1B97      		sbiw r26,8+3
 398 0042 4115      		cp r20,__zero_reg__
 399 0044 5105      		cpc r21,__zero_reg__
 400 0046 6105      		cpc r22,__zero_reg__
 401 0048 7105      		cpc r23,__zero_reg__
 402 004a 01F0      		breq .L15
 403               		.loc 1 148 0 is_stmt 0
 404 004c 00E0      		ldi r16,0
 405 004e 10E0      		ldi r17,0
 406 0050 9801      		movw r18,r16
 407               	.LVL26:
 408               	.L17:
 149:../../../os/hal/src/hal_flash.c ****       sector_start = descriptor->sectors[i].offset;
 409               		.loc 1 149 0 is_stmt 1
 410 0052 8080      		ld r8,Z
 411 0054 9180      		ldd r9,Z+1
 412 0056 A280      		ldd r10,Z+2
 413 0058 B380      		ldd r11,Z+3
 414               	.LVL27:
 150:../../../os/hal/src/hal_flash.c ****       sector_end = sector_start + descriptor->sectors[i].size - 1U;
 415               		.loc 1 150 0
 416 005a 8481      		ldd r24,Z+4
 417 005c 9581      		ldd r25,Z+5
 418 005e A681      		ldd r26,Z+6
 419 0060 B781      		ldd r27,Z+7
 420               	.LVL28:
 151:../../../os/hal/src/hal_flash.c ****       if ((offset >= sector_start) && (offset <= sector_end)) {
 421               		.loc 1 151 0
 422 0062 C814      		cp r12,r8
 423 0064 D904      		cpc r13,r9
 424 0066 EA04      		cpc r14,r10
 425 0068 FB04      		cpc r15,r11
 426 006a 00F0      		brlo .L16
 427               		.loc 1 151 0 is_stmt 0 discriminator 1
 428 006c 880D      		add r24,r8
 429 006e 991D      		adc r25,r9
 430 0070 AA1D      		adc r26,r10
 431 0072 BB1D      		adc r27,r11
 432               	.LVL29:
 433 0074 0197      		sbiw r24,1
 434 0076 A109      		sbc r26,__zero_reg__
 435 0078 B109      		sbc r27,__zero_reg__
 436               	.LVL30:
 437 007a 8C15      		cp r24,r12
 438 007c 9D05      		cpc r25,r13
 439 007e AE05      		cpc r26,r14
 440 0080 BF05      		cpc r27,r15
 441 0082 00F4      		brsh .L18
 442               	.LVL31:
 443               	.L16:
 148:../../../os/hal/src/hal_flash.c ****       sector_start = descriptor->sectors[i].offset;
 444               		.loc 1 148 0 is_stmt 1 discriminator 2
 445 0084 0F5F      		subi r16,-1
 446 0086 1F4F      		sbci r17,-1
 447 0088 2F4F      		sbci r18,-1
 448 008a 3F4F      		sbci r19,-1
 449               	.LVL32:
 450 008c 3896      		adiw r30,8
 451               	.LVL33:
 452 008e 0417      		cp r16,r20
 453 0090 1507      		cpc r17,r21
 454 0092 2607      		cpc r18,r22
 455 0094 3707      		cpc r19,r23
 456 0096 01F4      		brne .L17
 457               	.LBE8:
 152:../../../os/hal/src/hal_flash.c ****         sector = i;
 153:../../../os/hal/src/hal_flash.c ****         return sector;
 154:../../../os/hal/src/hal_flash.c ****       }
 155:../../../os/hal/src/hal_flash.c ****     }
 156:../../../os/hal/src/hal_flash.c ****   }
 157:../../../os/hal/src/hal_flash.c ****   else {
 158:../../../os/hal/src/hal_flash.c ****     sector = offset / descriptor->sectors_size;
 159:../../../os/hal/src/hal_flash.c ****     return sector;
 160:../../../os/hal/src/hal_flash.c ****   }
 161:../../../os/hal/src/hal_flash.c **** 
 162:../../../os/hal/src/hal_flash.c ****   osalDbgAssert(FALSE, "invalid offset");
 163:../../../os/hal/src/hal_flash.c **** 
 164:../../../os/hal/src/hal_flash.c ****   return 0;
 458               		.loc 1 164 0
 459 0098 40E0      		ldi r20,0
 460 009a 50E0      		ldi r21,0
 461 009c BA01      		movw r22,r20
 462               	.LVL34:
 463               	.L15:
 165:../../../os/hal/src/hal_flash.c **** }
 464               		.loc 1 165 0
 465 009e CB01      		movw r24,r22
 466 00a0 BA01      		movw r22,r20
 467               	/* epilogue start */
 468 00a2 1F91      		pop r17
 469 00a4 0F91      		pop r16
 470 00a6 FF90      		pop r15
 471 00a8 EF90      		pop r14
 472 00aa DF90      		pop r13
 473 00ac CF90      		pop r12
 474               	.LVL35:
 475 00ae BF90      		pop r11
 476 00b0 AF90      		pop r10
 477 00b2 9F90      		pop r9
 478 00b4 8F90      		pop r8
 479 00b6 0895      		ret
 480               	.LVL36:
 481               	.L18:
 482               	.LBB9:
 483 00b8 B901      		movw r22,r18
 484 00ba A801      		movw r20,r16
 485 00bc 00C0      		rjmp .L15
 486               	.LVL37:
 487               	.L14:
 488               	.LBE9:
 158:../../../os/hal/src/hal_flash.c ****     return sector;
 489               		.loc 1 158 0
 490 00be FC01      		movw r30,r24
 491 00c0 2685      		ldd r18,Z+14
 492 00c2 3785      		ldd r19,Z+15
 493 00c4 4089      		ldd r20,Z+16
 494 00c6 5189      		ldd r21,Z+17
 495               	.LVL38:
 159:../../../os/hal/src/hal_flash.c ****   }
 496               		.loc 1 159 0
 497 00c8 C701      		movw r24,r14
 498 00ca B601      		movw r22,r12
 499 00cc 0E94 0000 		call __udivmodsi4
 500               	.LVL39:
 501 00d0 BA01      		movw r22,r20
 502 00d2 A901      		movw r20,r18
 503 00d4 00C0      		rjmp .L15
 504               		.cfi_endproc
 505               	.LFE149:
 507               		.section	.text.flashGetOffsetAddress,"ax",@progbits
 508               	.global	flashGetOffsetAddress
 510               	flashGetOffsetAddress:
 511               	.LFB150:
 166:../../../os/hal/src/hal_flash.c **** 
 167:../../../os/hal/src/hal_flash.c **** /**
 168:../../../os/hal/src/hal_flash.c ****  * @brief   Get absolute address from offset
 169:../../../os/hal/src/hal_flash.c ****  *
 170:../../../os/hal/src/hal_flash.c ****  * @param[in] devp      pointer to a @p BaseFlash object
 171:../../../os/hal/src/hal_flash.c ****  * @param[in] offset    flash offset
 172:../../../os/hal/src/hal_flash.c ****  * @return              A pointer to the offset.
 173:../../../os/hal/src/hal_flash.c ****  *
 174:../../../os/hal/src/hal_flash.c ****  * @deprecated
 175:../../../os/hal/src/hal_flash.c ****  */
 176:../../../os/hal/src/hal_flash.c **** void *flashGetOffsetAddress(BaseFlash *devp, flash_offset_t offset) {
 512               		.loc 1 176 0
 513               		.cfi_startproc
 514               	.LVL40:
 515 0000 CF92      		push r12
 516               	.LCFI28:
 517               		.cfi_def_cfa_offset 3
 518               		.cfi_offset 12, -2
 519 0002 DF92      		push r13
 520               	.LCFI29:
 521               		.cfi_def_cfa_offset 4
 522               		.cfi_offset 13, -3
 523 0004 EF92      		push r14
 524               	.LCFI30:
 525               		.cfi_def_cfa_offset 5
 526               		.cfi_offset 14, -4
 527 0006 FF92      		push r15
 528               	.LCFI31:
 529               		.cfi_def_cfa_offset 6
 530               		.cfi_offset 15, -5
 531               	/* prologue: function */
 532               	/* frame size = 0 */
 533               	/* stack size = 4 */
 534               	.L__stack_usage = 4
 535 0008 6A01      		movw r12,r20
 536 000a 7B01      		movw r14,r22
 177:../../../os/hal/src/hal_flash.c ****   const flash_descriptor_t *descriptor = flashGetDescriptor(devp);
 537               		.loc 1 177 0
 538 000c DC01      		movw r26,r24
 539 000e ED91      		ld r30,X+
 540 0010 FC91      		ld r31,X
 541 0012 0280      		ldd __tmp_reg__,Z+2
 542 0014 F381      		ldd r31,Z+3
 543 0016 E02D      		mov r30,__tmp_reg__
 544 0018 0995      		icall
 545               	.LVL41:
 178:../../../os/hal/src/hal_flash.c **** 
 179:../../../os/hal/src/hal_flash.c ****   osalDbgAssert(offset < descriptor->size, "invalid offset");
 180:../../../os/hal/src/hal_flash.c **** 
 181:../../../os/hal/src/hal_flash.c ****   return (void *)((flash_offset_t)descriptor->address + offset);
 546               		.loc 1 181 0
 547 001a FC01      		movw r30,r24
 548 001c 8289      		ldd r24,Z+18
 549 001e 9389      		ldd r25,Z+19
 550               	.LVL42:
 551 0020 092E      		mov __tmp_reg__,r25
 552 0022 000C      		lsl r0
 553 0024 AA0B      		sbc r26,r26
 554 0026 BB0B      		sbc r27,r27
 555 0028 8C0D      		add r24,r12
 556 002a 9D1D      		adc r25,r13
 557 002c AE1D      		adc r26,r14
 558 002e BF1D      		adc r27,r15
 559               	/* epilogue start */
 182:../../../os/hal/src/hal_flash.c **** }
 560               		.loc 1 182 0
 561 0030 FF90      		pop r15
 562 0032 EF90      		pop r14
 563 0034 DF90      		pop r13
 564 0036 CF90      		pop r12
 565               	.LVL43:
 566 0038 0895      		ret
 567               		.cfi_endproc
 568               	.LFE150:
 570               		.section	.text.flashGetAddressOffset,"ax",@progbits
 571               	.global	flashGetAddressOffset
 573               	flashGetAddressOffset:
 574               	.LFB151:
 183:../../../os/hal/src/hal_flash.c **** 
 184:../../../os/hal/src/hal_flash.c **** /**
 185:../../../os/hal/src/hal_flash.c ****  * @brief   Get offset from absolute address
 186:../../../os/hal/src/hal_flash.c ****  *
 187:../../../os/hal/src/hal_flash.c ****  * @param[in] devp      pointer to a @p BaseFlash object
 188:../../../os/hal/src/hal_flash.c ****  * @param[in] addr      pointer
 189:../../../os/hal/src/hal_flash.c ****  * @return              flash offset
 190:../../../os/hal/src/hal_flash.c ****  *
 191:../../../os/hal/src/hal_flash.c ****  * @deprecated
 192:../../../os/hal/src/hal_flash.c ****  */
 193:../../../os/hal/src/hal_flash.c **** flash_offset_t flashGetAddressOffset(BaseFlash *devp, void *addr) {
 575               		.loc 1 193 0
 576               		.cfi_startproc
 577               	.LVL44:
 578 0000 0F93      		push r16
 579               	.LCFI32:
 580               		.cfi_def_cfa_offset 3
 581               		.cfi_offset 16, -2
 582 0002 1F93      		push r17
 583               	.LCFI33:
 584               		.cfi_def_cfa_offset 4
 585               		.cfi_offset 17, -3
 586 0004 CF93      		push r28
 587               	.LCFI34:
 588               		.cfi_def_cfa_offset 5
 589               		.cfi_offset 28, -4
 590 0006 DF93      		push r29
 591               	.LCFI35:
 592               		.cfi_def_cfa_offset 6
 593               		.cfi_offset 29, -5
 594               	/* prologue: function */
 595               	/* frame size = 0 */
 596               	/* stack size = 4 */
 597               	.L__stack_usage = 4
 598 0008 EB01      		movw r28,r22
 194:../../../os/hal/src/hal_flash.c ****   const flash_descriptor_t *descriptor = flashGetDescriptor(devp);
 599               		.loc 1 194 0
 600 000a DC01      		movw r26,r24
 601 000c ED91      		ld r30,X+
 602 000e FC91      		ld r31,X
 603 0010 0280      		ldd __tmp_reg__,Z+2
 604 0012 F381      		ldd r31,Z+3
 605 0014 E02D      		mov r30,__tmp_reg__
 606 0016 0995      		icall
 607               	.LVL45:
 195:../../../os/hal/src/hal_flash.c **** 
 196:../../../os/hal/src/hal_flash.c ****   osalDbgAssert(((flash_offset_t)addr >= (flash_offset_t)descriptor->address) &&
 197:../../../os/hal/src/hal_flash.c ****                 ((flash_offset_t)addr <= (flash_offset_t)descriptor->address +
 198:../../../os/hal/src/hal_flash.c ****                                          descriptor->size),
 199:../../../os/hal/src/hal_flash.c ****                 "invalid address");
 200:../../../os/hal/src/hal_flash.c **** 
 201:../../../os/hal/src/hal_flash.c ****   return (flash_offset_t)addr - (flash_offset_t)descriptor->address;
 608               		.loc 1 201 0
 609 0018 AE01      		movw r20,r28
 610 001a DD0F      		lsl r29
 611 001c 660B      		sbc r22,r22
 612 001e 770B      		sbc r23,r23
 613 0020 FC01      		movw r30,r24
 614 0022 8289      		ldd r24,Z+18
 615 0024 9389      		ldd r25,Z+19
 616               	.LVL46:
 617 0026 092E      		mov __tmp_reg__,r25
 618 0028 000C      		lsl r0
 619 002a AA0B      		sbc r26,r26
 620 002c BB0B      		sbc r27,r27
 621 002e 8A01      		movw r16,r20
 622 0030 9B01      		movw r18,r22
 623 0032 081B      		sub r16,r24
 624 0034 190B      		sbc r17,r25
 625 0036 2A0B      		sbc r18,r26
 626 0038 3B0B      		sbc r19,r27
 627 003a C901      		movw r24,r18
 628 003c B801      		movw r22,r16
 629               	/* epilogue start */
 202:../../../os/hal/src/hal_flash.c **** }
 630               		.loc 1 202 0
 631 003e DF91      		pop r29
 632 0040 CF91      		pop r28
 633               	.LVL47:
 634 0042 1F91      		pop r17
 635 0044 0F91      		pop r16
 636 0046 0895      		ret
 637               		.cfi_endproc
 638               	.LFE151:
 640               		.text
 641               	.Letext0:
 642               		.file 3 "/usr/lib/gcc/avr/5.4.0/include/stddef.h"
 643               		.file 4 "/usr/lib/avr/include/stdint.h"
 644               		.file 5 "../../../os/nil/include/ch.h"
 645               		.file 6 "../../../os/hal/include/hal_flash.h"
 646               		.file 7 "../../../os/common/ports/AVR/chcore.h"
DEFINED SYMBOLS
                            *ABS*:0000000000000000 hal_flash.c
     /tmp/ccySOgT0.s:2      *ABS*:000000000000003e __SP_H__
     /tmp/ccySOgT0.s:3      *ABS*:000000000000003d __SP_L__
     /tmp/ccySOgT0.s:4      *ABS*:000000000000003f __SREG__
     /tmp/ccySOgT0.s:5      *ABS*:0000000000000000 __tmp_reg__
     /tmp/ccySOgT0.s:6      *ABS*:0000000000000001 __zero_reg__
     /tmp/ccySOgT0.s:13     .text.flashWaitErase:0000000000000000 flashWaitErase
     /tmp/ccySOgT0.s:139    .text.flashGetSectorOffset:0000000000000000 flashGetSectorOffset
     /tmp/ccySOgT0.s:231    .text.flashGetSectorSize:0000000000000000 flashGetSectorSize
     /tmp/ccySOgT0.s:320    .text.flashGetOffsetSector:0000000000000000 flashGetOffsetSector
     /tmp/ccySOgT0.s:510    .text.flashGetOffsetAddress:0000000000000000 flashGetOffsetAddress
     /tmp/ccySOgT0.s:573    .text.flashGetAddressOffset:0000000000000000 flashGetAddressOffset

UNDEFINED SYMBOLS
__muluhisi3
__udivmodsi4
chThdSleep
__mulsi3
