   1               		.file	"hal_pal_lld.c"
   2               	__SP_H__ = 0x3e
   3               	__SP_L__ = 0x3d
   4               	__SREG__ = 0x3f
   5               	__tmp_reg__ = 0
   6               	__zero_reg__ = 1
   7               		.text
   8               	.Ltext0:
   9               		.cfi_sections	.debug_frame
  10               		.section	.text._pal_lld_init,"ax",@progbits
  11               	.global	_pal_lld_init
  13               	_pal_lld_init:
  14               	.LFB146:
  15               		.file 1 "../../../os/hal/ports/AVR/MEGA/LLD/GPIOv1/hal_pal_lld.c"
   1:../../../os/hal/ports/AVR/MEGA/LLD/GPIOv1/hal_pal_lld.c **** /*
   2:../../../os/hal/ports/AVR/MEGA/LLD/GPIOv1/hal_pal_lld.c ****     ChibiOS - Copyright (C) 2006..2018 Giovanni Di Sirio
   3:../../../os/hal/ports/AVR/MEGA/LLD/GPIOv1/hal_pal_lld.c **** 
   4:../../../os/hal/ports/AVR/MEGA/LLD/GPIOv1/hal_pal_lld.c ****     Licensed under the Apache License, Version 2.0 (the "License");
   5:../../../os/hal/ports/AVR/MEGA/LLD/GPIOv1/hal_pal_lld.c ****     you may not use this file except in compliance with the License.
   6:../../../os/hal/ports/AVR/MEGA/LLD/GPIOv1/hal_pal_lld.c ****     You may obtain a copy of the License at
   7:../../../os/hal/ports/AVR/MEGA/LLD/GPIOv1/hal_pal_lld.c **** 
   8:../../../os/hal/ports/AVR/MEGA/LLD/GPIOv1/hal_pal_lld.c ****         http://www.apache.org/licenses/LICENSE-2.0
   9:../../../os/hal/ports/AVR/MEGA/LLD/GPIOv1/hal_pal_lld.c **** 
  10:../../../os/hal/ports/AVR/MEGA/LLD/GPIOv1/hal_pal_lld.c ****     Unless required by applicable law or agreed to in writing, software
  11:../../../os/hal/ports/AVR/MEGA/LLD/GPIOv1/hal_pal_lld.c ****     distributed under the License is distributed on an "AS IS" BASIS,
  12:../../../os/hal/ports/AVR/MEGA/LLD/GPIOv1/hal_pal_lld.c ****     WITHOUT WARRANTIES OR CONDITIONS OF ANY KIND, either express or implied.
  13:../../../os/hal/ports/AVR/MEGA/LLD/GPIOv1/hal_pal_lld.c ****     See the License for the specific language governing permissions and
  14:../../../os/hal/ports/AVR/MEGA/LLD/GPIOv1/hal_pal_lld.c ****     limitations under the License.
  15:../../../os/hal/ports/AVR/MEGA/LLD/GPIOv1/hal_pal_lld.c **** */
  16:../../../os/hal/ports/AVR/MEGA/LLD/GPIOv1/hal_pal_lld.c **** 
  17:../../../os/hal/ports/AVR/MEGA/LLD/GPIOv1/hal_pal_lld.c **** /**
  18:../../../os/hal/ports/AVR/MEGA/LLD/GPIOv1/hal_pal_lld.c ****  * @file    GPIOv1/hal_pal_lld.c
  19:../../../os/hal/ports/AVR/MEGA/LLD/GPIOv1/hal_pal_lld.c ****  * @brief   AVR/MEGA PAL subsystem low level driver source.
  20:../../../os/hal/ports/AVR/MEGA/LLD/GPIOv1/hal_pal_lld.c ****  *
  21:../../../os/hal/ports/AVR/MEGA/LLD/GPIOv1/hal_pal_lld.c ****  * @addtogroup PAL
  22:../../../os/hal/ports/AVR/MEGA/LLD/GPIOv1/hal_pal_lld.c ****  * @{
  23:../../../os/hal/ports/AVR/MEGA/LLD/GPIOv1/hal_pal_lld.c ****  */
  24:../../../os/hal/ports/AVR/MEGA/LLD/GPIOv1/hal_pal_lld.c **** 
  25:../../../os/hal/ports/AVR/MEGA/LLD/GPIOv1/hal_pal_lld.c **** #include "hal.h"
  26:../../../os/hal/ports/AVR/MEGA/LLD/GPIOv1/hal_pal_lld.c **** 
  27:../../../os/hal/ports/AVR/MEGA/LLD/GPIOv1/hal_pal_lld.c **** #if HAL_USE_PAL || defined(__DOXYGEN__)
  28:../../../os/hal/ports/AVR/MEGA/LLD/GPIOv1/hal_pal_lld.c **** 
  29:../../../os/hal/ports/AVR/MEGA/LLD/GPIOv1/hal_pal_lld.c **** /*==========================================================================*/
  30:../../../os/hal/ports/AVR/MEGA/LLD/GPIOv1/hal_pal_lld.c **** /* Driver exported variables.                                               */
  31:../../../os/hal/ports/AVR/MEGA/LLD/GPIOv1/hal_pal_lld.c **** /*==========================================================================*/
  32:../../../os/hal/ports/AVR/MEGA/LLD/GPIOv1/hal_pal_lld.c **** 
  33:../../../os/hal/ports/AVR/MEGA/LLD/GPIOv1/hal_pal_lld.c **** #if (PAL_USE_WAIT == TRUE) || (PAL_USE_CALLBACKS == TRUE)
  34:../../../os/hal/ports/AVR/MEGA/LLD/GPIOv1/hal_pal_lld.c **** /**
  35:../../../os/hal/ports/AVR/MEGA/LLD/GPIOv1/hal_pal_lld.c ****  * @brief   Event records for the 16 GPIO EXTI channels.
  36:../../../os/hal/ports/AVR/MEGA/LLD/GPIOv1/hal_pal_lld.c ****  */
  37:../../../os/hal/ports/AVR/MEGA/LLD/GPIOv1/hal_pal_lld.c **** palevent_t _pal_events[16];
  38:../../../os/hal/ports/AVR/MEGA/LLD/GPIOv1/hal_pal_lld.c **** #endif
  39:../../../os/hal/ports/AVR/MEGA/LLD/GPIOv1/hal_pal_lld.c **** 
  40:../../../os/hal/ports/AVR/MEGA/LLD/GPIOv1/hal_pal_lld.c **** /*==========================================================================*/
  41:../../../os/hal/ports/AVR/MEGA/LLD/GPIOv1/hal_pal_lld.c **** /* Driver local variables and types.                                        */
  42:../../../os/hal/ports/AVR/MEGA/LLD/GPIOv1/hal_pal_lld.c **** /*==========================================================================*/
  43:../../../os/hal/ports/AVR/MEGA/LLD/GPIOv1/hal_pal_lld.c **** 
  44:../../../os/hal/ports/AVR/MEGA/LLD/GPIOv1/hal_pal_lld.c **** /*==========================================================================*/
  45:../../../os/hal/ports/AVR/MEGA/LLD/GPIOv1/hal_pal_lld.c **** /* Driver local functions.                                                  */
  46:../../../os/hal/ports/AVR/MEGA/LLD/GPIOv1/hal_pal_lld.c **** /*==========================================================================*/
  47:../../../os/hal/ports/AVR/MEGA/LLD/GPIOv1/hal_pal_lld.c **** 
  48:../../../os/hal/ports/AVR/MEGA/LLD/GPIOv1/hal_pal_lld.c **** /*==========================================================================*/
  49:../../../os/hal/ports/AVR/MEGA/LLD/GPIOv1/hal_pal_lld.c **** /* Driver interrupt handlers.                                               */
  50:../../../os/hal/ports/AVR/MEGA/LLD/GPIOv1/hal_pal_lld.c **** /*==========================================================================*/
  51:../../../os/hal/ports/AVR/MEGA/LLD/GPIOv1/hal_pal_lld.c **** 
  52:../../../os/hal/ports/AVR/MEGA/LLD/GPIOv1/hal_pal_lld.c **** /*==========================================================================*/
  53:../../../os/hal/ports/AVR/MEGA/LLD/GPIOv1/hal_pal_lld.c **** /* Driver exported functions.                                               */
  54:../../../os/hal/ports/AVR/MEGA/LLD/GPIOv1/hal_pal_lld.c **** /*==========================================================================*/
  55:../../../os/hal/ports/AVR/MEGA/LLD/GPIOv1/hal_pal_lld.c **** 
  56:../../../os/hal/ports/AVR/MEGA/LLD/GPIOv1/hal_pal_lld.c **** /**
  57:../../../os/hal/ports/AVR/MEGA/LLD/GPIOv1/hal_pal_lld.c ****  * @brief   AVR GPIO ports configuration.
  58:../../../os/hal/ports/AVR/MEGA/LLD/GPIOv1/hal_pal_lld.c ****  * @details GPIO registers initialization.
  59:../../../os/hal/ports/AVR/MEGA/LLD/GPIOv1/hal_pal_lld.c ****  *
  60:../../../os/hal/ports/AVR/MEGA/LLD/GPIOv1/hal_pal_lld.c ****  * @param[in] config    the AVR ports configuration
  61:../../../os/hal/ports/AVR/MEGA/LLD/GPIOv1/hal_pal_lld.c ****  *
  62:../../../os/hal/ports/AVR/MEGA/LLD/GPIOv1/hal_pal_lld.c ****  * @notapi
  63:../../../os/hal/ports/AVR/MEGA/LLD/GPIOv1/hal_pal_lld.c ****  */
  64:../../../os/hal/ports/AVR/MEGA/LLD/GPIOv1/hal_pal_lld.c **** void _pal_lld_init(const PALConfig *config) {
  16               		.loc 1 64 0
  17               		.cfi_startproc
  18               	.LVL0:
  19               	/* prologue: function */
  20               	/* frame size = 0 */
  21               	/* stack size = 0 */
  22               	.L__stack_usage = 0
  23 0000 FC01      		movw r30,r24
  65:../../../os/hal/ports/AVR/MEGA/LLD/GPIOv1/hal_pal_lld.c **** 
  66:../../../os/hal/ports/AVR/MEGA/LLD/GPIOv1/hal_pal_lld.c **** #if defined(PORTA) || defined(__DOXYGEN__)
  67:../../../os/hal/ports/AVR/MEGA/LLD/GPIOv1/hal_pal_lld.c ****   PORTA = config->porta.out;
  68:../../../os/hal/ports/AVR/MEGA/LLD/GPIOv1/hal_pal_lld.c ****   DDRA = config->porta.dir;
  69:../../../os/hal/ports/AVR/MEGA/LLD/GPIOv1/hal_pal_lld.c **** #endif
  70:../../../os/hal/ports/AVR/MEGA/LLD/GPIOv1/hal_pal_lld.c **** 
  71:../../../os/hal/ports/AVR/MEGA/LLD/GPIOv1/hal_pal_lld.c **** #if defined(PORTB) || defined(__DOXYGEN__)
  72:../../../os/hal/ports/AVR/MEGA/LLD/GPIOv1/hal_pal_lld.c ****   PORTB = config->portb.out;
  24               		.loc 1 72 0
  25 0002 8081      		ld r24,Z
  26               	.LVL1:
  27 0004 85B9      		out 0x5,r24
  73:../../../os/hal/ports/AVR/MEGA/LLD/GPIOv1/hal_pal_lld.c ****   DDRB = config->portb.dir;
  28               		.loc 1 73 0
  29 0006 8181      		ldd r24,Z+1
  30 0008 84B9      		out 0x4,r24
  74:../../../os/hal/ports/AVR/MEGA/LLD/GPIOv1/hal_pal_lld.c **** #endif
  75:../../../os/hal/ports/AVR/MEGA/LLD/GPIOv1/hal_pal_lld.c **** 
  76:../../../os/hal/ports/AVR/MEGA/LLD/GPIOv1/hal_pal_lld.c **** #if defined(PORTC) || defined(__DOXYGEN__)
  77:../../../os/hal/ports/AVR/MEGA/LLD/GPIOv1/hal_pal_lld.c ****   PORTC = config->portc.out;
  31               		.loc 1 77 0
  32 000a 8281      		ldd r24,Z+2
  33 000c 88B9      		out 0x8,r24
  78:../../../os/hal/ports/AVR/MEGA/LLD/GPIOv1/hal_pal_lld.c ****   DDRC = config->portc.dir;
  34               		.loc 1 78 0
  35 000e 8381      		ldd r24,Z+3
  36 0010 87B9      		out 0x7,r24
  79:../../../os/hal/ports/AVR/MEGA/LLD/GPIOv1/hal_pal_lld.c **** #endif
  80:../../../os/hal/ports/AVR/MEGA/LLD/GPIOv1/hal_pal_lld.c **** 
  81:../../../os/hal/ports/AVR/MEGA/LLD/GPIOv1/hal_pal_lld.c **** #if defined(PORTD) || defined(__DOXYGEN__)
  82:../../../os/hal/ports/AVR/MEGA/LLD/GPIOv1/hal_pal_lld.c ****   PORTD = config->portd.out;
  37               		.loc 1 82 0
  38 0012 8481      		ldd r24,Z+4
  39 0014 8BB9      		out 0xb,r24
  83:../../../os/hal/ports/AVR/MEGA/LLD/GPIOv1/hal_pal_lld.c ****   DDRD = config->portd.dir;
  40               		.loc 1 83 0
  41 0016 8581      		ldd r24,Z+5
  42 0018 8AB9      		out 0xa,r24
  43 001a 0895      		ret
  44               		.cfi_endproc
  45               	.LFE146:
  47               		.section	.text._pal_lld_setgroupmode,"ax",@progbits
  48               	.global	_pal_lld_setgroupmode
  50               	_pal_lld_setgroupmode:
  51               	.LFB147:
  84:../../../os/hal/ports/AVR/MEGA/LLD/GPIOv1/hal_pal_lld.c **** #endif
  85:../../../os/hal/ports/AVR/MEGA/LLD/GPIOv1/hal_pal_lld.c **** 
  86:../../../os/hal/ports/AVR/MEGA/LLD/GPIOv1/hal_pal_lld.c **** #if defined(PORTE) || defined(__DOXYGEN__)
  87:../../../os/hal/ports/AVR/MEGA/LLD/GPIOv1/hal_pal_lld.c ****   PORTE = config->porte.out;
  88:../../../os/hal/ports/AVR/MEGA/LLD/GPIOv1/hal_pal_lld.c ****   DDRE = config->porte.dir;
  89:../../../os/hal/ports/AVR/MEGA/LLD/GPIOv1/hal_pal_lld.c **** #endif
  90:../../../os/hal/ports/AVR/MEGA/LLD/GPIOv1/hal_pal_lld.c **** 
  91:../../../os/hal/ports/AVR/MEGA/LLD/GPIOv1/hal_pal_lld.c **** #if defined(PORTF) || defined(__DOXYGEN__)
  92:../../../os/hal/ports/AVR/MEGA/LLD/GPIOv1/hal_pal_lld.c ****   PORTF = config->portf.out;
  93:../../../os/hal/ports/AVR/MEGA/LLD/GPIOv1/hal_pal_lld.c ****   DDRF = config->portf.dir;
  94:../../../os/hal/ports/AVR/MEGA/LLD/GPIOv1/hal_pal_lld.c **** #endif
  95:../../../os/hal/ports/AVR/MEGA/LLD/GPIOv1/hal_pal_lld.c **** 
  96:../../../os/hal/ports/AVR/MEGA/LLD/GPIOv1/hal_pal_lld.c **** #if defined(PORTG) || defined(__DOXYGEN__)
  97:../../../os/hal/ports/AVR/MEGA/LLD/GPIOv1/hal_pal_lld.c ****   PORTG = config->portg.out;
  98:../../../os/hal/ports/AVR/MEGA/LLD/GPIOv1/hal_pal_lld.c ****   DDRG = config->portg.dir;
  99:../../../os/hal/ports/AVR/MEGA/LLD/GPIOv1/hal_pal_lld.c **** #endif
 100:../../../os/hal/ports/AVR/MEGA/LLD/GPIOv1/hal_pal_lld.c **** 
 101:../../../os/hal/ports/AVR/MEGA/LLD/GPIOv1/hal_pal_lld.c **** #if defined(PORTH) || defined(__DOXYGEN__)
 102:../../../os/hal/ports/AVR/MEGA/LLD/GPIOv1/hal_pal_lld.c ****   PORTH = config->porth.out;
 103:../../../os/hal/ports/AVR/MEGA/LLD/GPIOv1/hal_pal_lld.c ****   DDRH = config->porth.dir;
 104:../../../os/hal/ports/AVR/MEGA/LLD/GPIOv1/hal_pal_lld.c **** #endif
 105:../../../os/hal/ports/AVR/MEGA/LLD/GPIOv1/hal_pal_lld.c **** 
 106:../../../os/hal/ports/AVR/MEGA/LLD/GPIOv1/hal_pal_lld.c **** #if defined(PORTJ) || defined(__DOXYGEN__)
 107:../../../os/hal/ports/AVR/MEGA/LLD/GPIOv1/hal_pal_lld.c ****   PORTJ = config->portj.out;
 108:../../../os/hal/ports/AVR/MEGA/LLD/GPIOv1/hal_pal_lld.c ****   DDRJ = config->portj.dir;
 109:../../../os/hal/ports/AVR/MEGA/LLD/GPIOv1/hal_pal_lld.c **** #endif
 110:../../../os/hal/ports/AVR/MEGA/LLD/GPIOv1/hal_pal_lld.c **** 
 111:../../../os/hal/ports/AVR/MEGA/LLD/GPIOv1/hal_pal_lld.c **** #if defined(PORTK) || defined(__DOXYGEN__)
 112:../../../os/hal/ports/AVR/MEGA/LLD/GPIOv1/hal_pal_lld.c ****   PORTK = config->portk.out;
 113:../../../os/hal/ports/AVR/MEGA/LLD/GPIOv1/hal_pal_lld.c ****   DDRK = config->portk.dir;
 114:../../../os/hal/ports/AVR/MEGA/LLD/GPIOv1/hal_pal_lld.c **** #endif
 115:../../../os/hal/ports/AVR/MEGA/LLD/GPIOv1/hal_pal_lld.c **** 
 116:../../../os/hal/ports/AVR/MEGA/LLD/GPIOv1/hal_pal_lld.c **** #if defined(PORTL) || defined(__DOXYGEN__)
 117:../../../os/hal/ports/AVR/MEGA/LLD/GPIOv1/hal_pal_lld.c ****   PORTL = config->portl.out;
 118:../../../os/hal/ports/AVR/MEGA/LLD/GPIOv1/hal_pal_lld.c ****   DDRL = config->portl.dir;
 119:../../../os/hal/ports/AVR/MEGA/LLD/GPIOv1/hal_pal_lld.c **** #endif
 120:../../../os/hal/ports/AVR/MEGA/LLD/GPIOv1/hal_pal_lld.c **** }
 121:../../../os/hal/ports/AVR/MEGA/LLD/GPIOv1/hal_pal_lld.c **** 
 122:../../../os/hal/ports/AVR/MEGA/LLD/GPIOv1/hal_pal_lld.c **** /**
 123:../../../os/hal/ports/AVR/MEGA/LLD/GPIOv1/hal_pal_lld.c ****  * @brief   Pads mode setup.
 124:../../../os/hal/ports/AVR/MEGA/LLD/GPIOv1/hal_pal_lld.c ****  * @details This function programs a pads group belonging to the same port
 125:../../../os/hal/ports/AVR/MEGA/LLD/GPIOv1/hal_pal_lld.c ****  *          with the specified mode.
 126:../../../os/hal/ports/AVR/MEGA/LLD/GPIOv1/hal_pal_lld.c ****  *
 127:../../../os/hal/ports/AVR/MEGA/LLD/GPIOv1/hal_pal_lld.c ****  * @param[in] port the port identifier
 128:../../../os/hal/ports/AVR/MEGA/LLD/GPIOv1/hal_pal_lld.c ****  * @param[in] mask the group mask
 129:../../../os/hal/ports/AVR/MEGA/LLD/GPIOv1/hal_pal_lld.c ****  * @param[in] mode the mode
 130:../../../os/hal/ports/AVR/MEGA/LLD/GPIOv1/hal_pal_lld.c ****  *
 131:../../../os/hal/ports/AVR/MEGA/LLD/GPIOv1/hal_pal_lld.c ****  * @note This function is not meant to be invoked directly by the application
 132:../../../os/hal/ports/AVR/MEGA/LLD/GPIOv1/hal_pal_lld.c ****  *       code.
 133:../../../os/hal/ports/AVR/MEGA/LLD/GPIOv1/hal_pal_lld.c ****  * @note @p PAL_MODE_UNCONNECTED is implemented as output as recommended by
 134:../../../os/hal/ports/AVR/MEGA/LLD/GPIOv1/hal_pal_lld.c ****  *       the AVR Family User's Guide. Unconnected pads are set to input
 135:../../../os/hal/ports/AVR/MEGA/LLD/GPIOv1/hal_pal_lld.c ****  *       with pull-up by default.
 136:../../../os/hal/ports/AVR/MEGA/LLD/GPIOv1/hal_pal_lld.c ****  *
 137:../../../os/hal/ports/AVR/MEGA/LLD/GPIOv1/hal_pal_lld.c ****  * @notapi
 138:../../../os/hal/ports/AVR/MEGA/LLD/GPIOv1/hal_pal_lld.c ****  */
 139:../../../os/hal/ports/AVR/MEGA/LLD/GPIOv1/hal_pal_lld.c **** void _pal_lld_setgroupmode(ioportid_t port,
 140:../../../os/hal/ports/AVR/MEGA/LLD/GPIOv1/hal_pal_lld.c ****                            ioportmask_t mask,
 141:../../../os/hal/ports/AVR/MEGA/LLD/GPIOv1/hal_pal_lld.c ****                            iomode_t mode) {
  52               		.loc 1 141 0
  53               		.cfi_startproc
  54               	.LVL2:
  55               	/* prologue: function */
  56               	/* frame size = 0 */
  57               	/* stack size = 0 */
  58               	.L__stack_usage = 0
  59 0000 FC01      		movw r30,r24
 142:../../../os/hal/ports/AVR/MEGA/LLD/GPIOv1/hal_pal_lld.c **** 
 143:../../../os/hal/ports/AVR/MEGA/LLD/GPIOv1/hal_pal_lld.c ****   switch (mode) {
  60               		.loc 1 143 0
  61 0002 4230      		cpi r20,lo8(2)
  62 0004 01F0      		breq .L4
  63 0006 00F0      		brlo .L24
  64 0008 4530      		cpi r20,lo8(5)
  65 000a 01F0      		breq .L4
  66 000c 4630      		cpi r20,lo8(6)
  67 000e 01F4      		brne .L25
 144:../../../os/hal/ports/AVR/MEGA/LLD/GPIOv1/hal_pal_lld.c ****   case PAL_MODE_RESET:
 145:../../../os/hal/ports/AVR/MEGA/LLD/GPIOv1/hal_pal_lld.c ****   case PAL_MODE_INPUT:
 146:../../../os/hal/ports/AVR/MEGA/LLD/GPIOv1/hal_pal_lld.c ****   case PAL_MODE_INPUT_ANALOG:
 147:../../../os/hal/ports/AVR/MEGA/LLD/GPIOv1/hal_pal_lld.c ****     port->dir &= ~mask;
 148:../../../os/hal/ports/AVR/MEGA/LLD/GPIOv1/hal_pal_lld.c ****     port->out &= ~mask;
 149:../../../os/hal/ports/AVR/MEGA/LLD/GPIOv1/hal_pal_lld.c ****     break;
 150:../../../os/hal/ports/AVR/MEGA/LLD/GPIOv1/hal_pal_lld.c ****   case PAL_MODE_UNCONNECTED:
 151:../../../os/hal/ports/AVR/MEGA/LLD/GPIOv1/hal_pal_lld.c ****   case PAL_MODE_INPUT_PULLUP:
 152:../../../os/hal/ports/AVR/MEGA/LLD/GPIOv1/hal_pal_lld.c ****     port->dir &= ~mask;
 153:../../../os/hal/ports/AVR/MEGA/LLD/GPIOv1/hal_pal_lld.c ****     port->out |= mask;
 154:../../../os/hal/ports/AVR/MEGA/LLD/GPIOv1/hal_pal_lld.c ****     break;
 155:../../../os/hal/ports/AVR/MEGA/LLD/GPIOv1/hal_pal_lld.c ****   case PAL_MODE_OUTPUT_PUSHPULL:
 156:../../../os/hal/ports/AVR/MEGA/LLD/GPIOv1/hal_pal_lld.c ****     port->dir |= mask;
  68               		.loc 1 156 0
  69 0010 8181      		ldd r24,Z+1
  70               	.LVL3:
  71 0012 682B      		or r22,r24
  72               	.LVL4:
  73 0014 6183      		std Z+1,r22
  74               	.L2:
  75 0016 0895      		ret
  76               	.LVL5:
  77               	.L25:
 143:../../../os/hal/ports/AVR/MEGA/LLD/GPIOv1/hal_pal_lld.c ****   case PAL_MODE_RESET:
  78               		.loc 1 143 0
  79 0018 4330      		cpi r20,lo8(3)
  80 001a 01F4      		brne .L2
  81               	.L6:
 152:../../../os/hal/ports/AVR/MEGA/LLD/GPIOv1/hal_pal_lld.c ****     port->out |= mask;
  82               		.loc 1 152 0
  83 001c 8181      		ldd r24,Z+1
  84               	.LVL6:
  85 001e 962F      		mov r25,r22
  86 0020 9095      		com r25
  87 0022 8923      		and r24,r25
  88 0024 8183      		std Z+1,r24
 153:../../../os/hal/ports/AVR/MEGA/LLD/GPIOv1/hal_pal_lld.c ****     break;
  89               		.loc 1 153 0
  90 0026 8281      		ldd r24,Z+2
  91 0028 682B      		or r22,r24
  92               	.LVL7:
  93 002a 6283      		std Z+2,r22
 154:../../../os/hal/ports/AVR/MEGA/LLD/GPIOv1/hal_pal_lld.c ****   case PAL_MODE_OUTPUT_PUSHPULL:
  94               		.loc 1 154 0
  95 002c 0895      		ret
  96               	.LVL8:
  97               	.L24:
 143:../../../os/hal/ports/AVR/MEGA/LLD/GPIOv1/hal_pal_lld.c ****   case PAL_MODE_RESET:
  98               		.loc 1 143 0
  99 002e 4423      		tst r20
 100 0030 01F0      		breq .L4
 101 0032 4130      		cpi r20,lo8(1)
 102 0034 01F0      		breq .L6
 103 0036 0895      		ret
 104               	.L4:
 147:../../../os/hal/ports/AVR/MEGA/LLD/GPIOv1/hal_pal_lld.c ****     port->out &= ~mask;
 105               		.loc 1 147 0
 106 0038 8181      		ldd r24,Z+1
 107               	.LVL9:
 108 003a 6095      		com r22
 109               	.LVL10:
 110 003c 8623      		and r24,r22
 111 003e 8183      		std Z+1,r24
 148:../../../os/hal/ports/AVR/MEGA/LLD/GPIOv1/hal_pal_lld.c ****     break;
 112               		.loc 1 148 0
 113 0040 8281      		ldd r24,Z+2
 114 0042 6823      		and r22,r24
 115               	.LVL11:
 116 0044 6283      		std Z+2,r22
 149:../../../os/hal/ports/AVR/MEGA/LLD/GPIOv1/hal_pal_lld.c ****   case PAL_MODE_UNCONNECTED:
 117               		.loc 1 149 0
 118 0046 0895      		ret
 119               		.cfi_endproc
 120               	.LFE147:
 122               		.section	.text._pal_lld_enablepadevent,"ax",@progbits
 123               	.global	_pal_lld_enablepadevent
 125               	_pal_lld_enablepadevent:
 126               	.LFB148:
 157:../../../os/hal/ports/AVR/MEGA/LLD/GPIOv1/hal_pal_lld.c ****     break;
 158:../../../os/hal/ports/AVR/MEGA/LLD/GPIOv1/hal_pal_lld.c ****   }
 159:../../../os/hal/ports/AVR/MEGA/LLD/GPIOv1/hal_pal_lld.c **** }
 160:../../../os/hal/ports/AVR/MEGA/LLD/GPIOv1/hal_pal_lld.c **** 
 161:../../../os/hal/ports/AVR/MEGA/LLD/GPIOv1/hal_pal_lld.c **** /**
 162:../../../os/hal/ports/AVR/MEGA/LLD/GPIOv1/hal_pal_lld.c ****  * @brief   Pad event enable.
 163:../../../os/hal/ports/AVR/MEGA/LLD/GPIOv1/hal_pal_lld.c ****  * @details This function programs an event callback in the specified mode.
 164:../../../os/hal/ports/AVR/MEGA/LLD/GPIOv1/hal_pal_lld.c ****  * @note    Programming an unknown or unsupported mode is silently ignored.
 165:../../../os/hal/ports/AVR/MEGA/LLD/GPIOv1/hal_pal_lld.c ****  *
 166:../../../os/hal/ports/AVR/MEGA/LLD/GPIOv1/hal_pal_lld.c ****  * @param[in] port      port identifier
 167:../../../os/hal/ports/AVR/MEGA/LLD/GPIOv1/hal_pal_lld.c ****  * @param[in] pad       pad number within the port
 168:../../../os/hal/ports/AVR/MEGA/LLD/GPIOv1/hal_pal_lld.c ****  * @param[in] mode      pad event mode
 169:../../../os/hal/ports/AVR/MEGA/LLD/GPIOv1/hal_pal_lld.c ****  * @param[in] callback  event callback function
 170:../../../os/hal/ports/AVR/MEGA/LLD/GPIOv1/hal_pal_lld.c ****  * @param[in] arg       callback argument
 171:../../../os/hal/ports/AVR/MEGA/LLD/GPIOv1/hal_pal_lld.c ****  *
 172:../../../os/hal/ports/AVR/MEGA/LLD/GPIOv1/hal_pal_lld.c ****  * @notapi
 173:../../../os/hal/ports/AVR/MEGA/LLD/GPIOv1/hal_pal_lld.c ****  */
 174:../../../os/hal/ports/AVR/MEGA/LLD/GPIOv1/hal_pal_lld.c **** void _pal_lld_enablepadevent(ioportid_t     port,
 175:../../../os/hal/ports/AVR/MEGA/LLD/GPIOv1/hal_pal_lld.c ****                              iopadid_t      pad,
 176:../../../os/hal/ports/AVR/MEGA/LLD/GPIOv1/hal_pal_lld.c ****                              ioeventmode_t  mode,
 177:../../../os/hal/ports/AVR/MEGA/LLD/GPIOv1/hal_pal_lld.c ****                              palcallback_t  callback,
 178:../../../os/hal/ports/AVR/MEGA/LLD/GPIOv1/hal_pal_lld.c ****                              void           *arg) {
 127               		.loc 1 178 0
 128               		.cfi_startproc
 129               	.LVL12:
 130               	/* prologue: function */
 131               	/* frame size = 0 */
 132               	/* stack size = 0 */
 133               	.L__stack_usage = 0
 134 0000 0895      		ret
 135               		.cfi_endproc
 136               	.LFE148:
 138               		.section	.text._pal_lld_setlineid,"ax",@progbits
 139               	.global	_pal_lld_setlineid
 141               	_pal_lld_setlineid:
 142               	.LFB149:
 179:../../../os/hal/ports/AVR/MEGA/LLD/GPIOv1/hal_pal_lld.c ****   (void)port;
 180:../../../os/hal/ports/AVR/MEGA/LLD/GPIOv1/hal_pal_lld.c ****   (void)pad;
 181:../../../os/hal/ports/AVR/MEGA/LLD/GPIOv1/hal_pal_lld.c ****   (void)mode;
 182:../../../os/hal/ports/AVR/MEGA/LLD/GPIOv1/hal_pal_lld.c ****   (void)callback;
 183:../../../os/hal/ports/AVR/MEGA/LLD/GPIOv1/hal_pal_lld.c ****   (void)arg;
 184:../../../os/hal/ports/AVR/MEGA/LLD/GPIOv1/hal_pal_lld.c **** 
 185:../../../os/hal/ports/AVR/MEGA/LLD/GPIOv1/hal_pal_lld.c ****   /* TODO: Implement the interruption here. */
 186:../../../os/hal/ports/AVR/MEGA/LLD/GPIOv1/hal_pal_lld.c **** }
 187:../../../os/hal/ports/AVR/MEGA/LLD/GPIOv1/hal_pal_lld.c **** 
 188:../../../os/hal/ports/AVR/MEGA/LLD/GPIOv1/hal_pal_lld.c **** /**
 189:../../../os/hal/ports/AVR/MEGA/LLD/GPIOv1/hal_pal_lld.c ****  * @brief   Make a line identifier with a given port and pad identifiers.
 190:../../../os/hal/ports/AVR/MEGA/LLD/GPIOv1/hal_pal_lld.c ****  *
 191:../../../os/hal/ports/AVR/MEGA/LLD/GPIOv1/hal_pal_lld.c ****  * @param[in] port  the port identifier
 192:../../../os/hal/ports/AVR/MEGA/LLD/GPIOv1/hal_pal_lld.c ****  * @param[in] pad   the pad identifier
 193:../../../os/hal/ports/AVR/MEGA/LLD/GPIOv1/hal_pal_lld.c ****  *
 194:../../../os/hal/ports/AVR/MEGA/LLD/GPIOv1/hal_pal_lld.c ****  * @return    line  the builded line
 195:../../../os/hal/ports/AVR/MEGA/LLD/GPIOv1/hal_pal_lld.c ****  *
 196:../../../os/hal/ports/AVR/MEGA/LLD/GPIOv1/hal_pal_lld.c ****  * @notapi
 197:../../../os/hal/ports/AVR/MEGA/LLD/GPIOv1/hal_pal_lld.c ****  */
 198:../../../os/hal/ports/AVR/MEGA/LLD/GPIOv1/hal_pal_lld.c **** ioline_t _pal_lld_setlineid(ioportid_t port, uint8_t pad) {
 143               		.loc 1 198 0
 144               		.cfi_startproc
 145               	.LVL13:
 146               	/* prologue: function */
 147               	/* frame size = 0 */
 148               	/* stack size = 0 */
 149               	.L__stack_usage = 0
 150               		.loc 1 198 0
 151 0000 282F      		mov r18,r24
 152 0002 862F      		mov r24,r22
 153               	.LVL14:
 199:../../../os/hal/ports/AVR/MEGA/LLD/GPIOv1/hal_pal_lld.c **** 
 200:../../../os/hal/ports/AVR/MEGA/LLD/GPIOv1/hal_pal_lld.c ****   ioline_t line;
 201:../../../os/hal/ports/AVR/MEGA/LLD/GPIOv1/hal_pal_lld.c **** 
 202:../../../os/hal/ports/AVR/MEGA/LLD/GPIOv1/hal_pal_lld.c ****   line.port = port;
 203:../../../os/hal/ports/AVR/MEGA/LLD/GPIOv1/hal_pal_lld.c ****   line.pad  = pad;
 204:../../../os/hal/ports/AVR/MEGA/LLD/GPIOv1/hal_pal_lld.c **** 
 205:../../../os/hal/ports/AVR/MEGA/LLD/GPIOv1/hal_pal_lld.c ****   return line;
 206:../../../os/hal/ports/AVR/MEGA/LLD/GPIOv1/hal_pal_lld.c **** }
 154               		.loc 1 206 0
 155 0004 622F      		mov r22,r18
 156               	.LVL15:
 157 0006 792F      		mov r23,r25
 158 0008 0895      		ret
 159               		.cfi_endproc
 160               	.LFE149:
 162               		.section	.text._pal_lld_getportfromline,"ax",@progbits
 163               	.global	_pal_lld_getportfromline
 165               	_pal_lld_getportfromline:
 166               	.LFB150:
 207:../../../os/hal/ports/AVR/MEGA/LLD/GPIOv1/hal_pal_lld.c **** 
 208:../../../os/hal/ports/AVR/MEGA/LLD/GPIOv1/hal_pal_lld.c **** /**
 209:../../../os/hal/ports/AVR/MEGA/LLD/GPIOv1/hal_pal_lld.c ****  * @brief   Get a port identifier from a line identifier.
 210:../../../os/hal/ports/AVR/MEGA/LLD/GPIOv1/hal_pal_lld.c ****  *
 211:../../../os/hal/ports/AVR/MEGA/LLD/GPIOv1/hal_pal_lld.c ****  * @param[in] line  the line identifier
 212:../../../os/hal/ports/AVR/MEGA/LLD/GPIOv1/hal_pal_lld.c ****  *
 213:../../../os/hal/ports/AVR/MEGA/LLD/GPIOv1/hal_pal_lld.c ****  * @return    port  the port of the corresponding line
 214:../../../os/hal/ports/AVR/MEGA/LLD/GPIOv1/hal_pal_lld.c ****  *
 215:../../../os/hal/ports/AVR/MEGA/LLD/GPIOv1/hal_pal_lld.c ****  * @notapi
 216:../../../os/hal/ports/AVR/MEGA/LLD/GPIOv1/hal_pal_lld.c ****  */
 217:../../../os/hal/ports/AVR/MEGA/LLD/GPIOv1/hal_pal_lld.c **** ioportid_t _pal_lld_getportfromline(ioline_t line) {
 167               		.loc 1 217 0
 168               		.cfi_startproc
 169               	.LVL16:
 170               	/* prologue: function */
 171               	/* frame size = 0 */
 172               	/* stack size = 0 */
 173               	.L__stack_usage = 0
 174 0000 A82F      		mov r26,r24
 175 0002 CB01      		movw r24,r22
 218:../../../os/hal/ports/AVR/MEGA/LLD/GPIOv1/hal_pal_lld.c **** 
 219:../../../os/hal/ports/AVR/MEGA/LLD/GPIOv1/hal_pal_lld.c ****   return line.port;
 220:../../../os/hal/ports/AVR/MEGA/LLD/GPIOv1/hal_pal_lld.c **** }
 176               		.loc 1 220 0
 177 0004 0895      		ret
 178               		.cfi_endproc
 179               	.LFE150:
 181               		.section	.text._pal_lld_getpadfromline,"ax",@progbits
 182               	.global	_pal_lld_getpadfromline
 184               	_pal_lld_getpadfromline:
 185               	.LFB151:
 221:../../../os/hal/ports/AVR/MEGA/LLD/GPIOv1/hal_pal_lld.c **** 
 222:../../../os/hal/ports/AVR/MEGA/LLD/GPIOv1/hal_pal_lld.c **** /**
 223:../../../os/hal/ports/AVR/MEGA/LLD/GPIOv1/hal_pal_lld.c ****  * @brief   Get a pad identifier from a line identifier.
 224:../../../os/hal/ports/AVR/MEGA/LLD/GPIOv1/hal_pal_lld.c ****  *
 225:../../../os/hal/ports/AVR/MEGA/LLD/GPIOv1/hal_pal_lld.c ****  * @param[in] line  the line identifier
 226:../../../os/hal/ports/AVR/MEGA/LLD/GPIOv1/hal_pal_lld.c ****  *
 227:../../../os/hal/ports/AVR/MEGA/LLD/GPIOv1/hal_pal_lld.c ****  * @return    pad   the pad of the corresponding line
 228:../../../os/hal/ports/AVR/MEGA/LLD/GPIOv1/hal_pal_lld.c ****  *
 229:../../../os/hal/ports/AVR/MEGA/LLD/GPIOv1/hal_pal_lld.c ****  * @notapi
 230:../../../os/hal/ports/AVR/MEGA/LLD/GPIOv1/hal_pal_lld.c ****  */
 231:../../../os/hal/ports/AVR/MEGA/LLD/GPIOv1/hal_pal_lld.c **** uint8_t _pal_lld_getpadfromline(ioline_t line) {
 186               		.loc 1 231 0
 187               		.cfi_startproc
 188               	.LVL17:
 189               	/* prologue: function */
 190               	/* frame size = 0 */
 191               	/* stack size = 0 */
 192               	.L__stack_usage = 0
 232:../../../os/hal/ports/AVR/MEGA/LLD/GPIOv1/hal_pal_lld.c **** 
 233:../../../os/hal/ports/AVR/MEGA/LLD/GPIOv1/hal_pal_lld.c ****   return line.pad;
 234:../../../os/hal/ports/AVR/MEGA/LLD/GPIOv1/hal_pal_lld.c **** }
 193               		.loc 1 234 0
 194 0000 0895      		ret
 195               		.cfi_endproc
 196               	.LFE151:
 198               		.text
 199               	.Letext0:
 200               		.file 2 "/usr/lib/avr/include/stdint.h"
 201               		.file 3 "../../../os/hal/include/hal_pal.h"
 202               		.file 4 "../../../os/hal/ports/AVR/MEGA/LLD/GPIOv1/hal_pal_lld.h"
 203               		.file 5 "../../../os/common/ports/AVR/chcore.h"
DEFINED SYMBOLS
                            *ABS*:0000000000000000 hal_pal_lld.c
     /tmp/ccywzvyN.s:2      *ABS*:000000000000003e __SP_H__
     /tmp/ccywzvyN.s:3      *ABS*:000000000000003d __SP_L__
     /tmp/ccywzvyN.s:4      *ABS*:000000000000003f __SREG__
     /tmp/ccywzvyN.s:5      *ABS*:0000000000000000 __tmp_reg__
     /tmp/ccywzvyN.s:6      *ABS*:0000000000000001 __zero_reg__
     /tmp/ccywzvyN.s:13     .text._pal_lld_init:0000000000000000 _pal_lld_init
     /tmp/ccywzvyN.s:50     .text._pal_lld_setgroupmode:0000000000000000 _pal_lld_setgroupmode
     /tmp/ccywzvyN.s:125    .text._pal_lld_enablepadevent:0000000000000000 _pal_lld_enablepadevent
     /tmp/ccywzvyN.s:141    .text._pal_lld_setlineid:0000000000000000 _pal_lld_setlineid
     /tmp/ccywzvyN.s:165    .text._pal_lld_getportfromline:0000000000000000 _pal_lld_getportfromline
     /tmp/ccywzvyN.s:184    .text._pal_lld_getpadfromline:0000000000000000 _pal_lld_getpadfromline

NO UNDEFINED SYMBOLS
