   1               		.file	"board.c"
   2               	__SP_H__ = 0x3e
   3               	__SP_L__ = 0x3d
   4               	__SREG__ = 0x3f
   5               	__tmp_reg__ = 0
   6               	__zero_reg__ = 1
   7               		.text
   8               	.Ltext0:
   9               		.cfi_sections	.debug_frame
  10               		.file 1 "../../os/hal/boards/ARDUINO_UNO/board.c"
  11               		.section	.text.boardInit,"ax",@progbits
  12               	.global	boardInit
  14               	boardInit:
  15               	.LFB146:
   1:../../os/hal/boards/ARDUINO_UNO/board.c **** /*
   2:../../os/hal/boards/ARDUINO_UNO/board.c ****     ChibiOS - Copyright (C) 2006..2018 Giovanni Di Sirio
   3:../../os/hal/boards/ARDUINO_UNO/board.c **** 
   4:../../os/hal/boards/ARDUINO_UNO/board.c ****     Licensed under the Apache License, Version 2.0 (the "License");
   5:../../os/hal/boards/ARDUINO_UNO/board.c ****     you may not use this file except in compliance with the License.
   6:../../os/hal/boards/ARDUINO_UNO/board.c ****     You may obtain a copy of the License at
   7:../../os/hal/boards/ARDUINO_UNO/board.c **** 
   8:../../os/hal/boards/ARDUINO_UNO/board.c ****         http://www.apache.org/licenses/LICENSE-2.0
   9:../../os/hal/boards/ARDUINO_UNO/board.c **** 
  10:../../os/hal/boards/ARDUINO_UNO/board.c ****     Unless required by applicable law or agreed to in writing, software
  11:../../os/hal/boards/ARDUINO_UNO/board.c ****     distributed under the License is distributed on an "AS IS" BASIS,
  12:../../os/hal/boards/ARDUINO_UNO/board.c ****     WITHOUT WARRANTIES OR CONDITIONS OF ANY KIND, either express or implied.
  13:../../os/hal/boards/ARDUINO_UNO/board.c ****     See the License for the specific language governing permissions and
  14:../../os/hal/boards/ARDUINO_UNO/board.c ****     limitations under the License.
  15:../../os/hal/boards/ARDUINO_UNO/board.c **** */
  16:../../os/hal/boards/ARDUINO_UNO/board.c **** 
  17:../../os/hal/boards/ARDUINO_UNO/board.c **** #include "hal.h"
  18:../../os/hal/boards/ARDUINO_UNO/board.c **** 
  19:../../os/hal/boards/ARDUINO_UNO/board.c **** /**
  20:../../os/hal/boards/ARDUINO_UNO/board.c ****  * @brief   PAL setup.
  21:../../os/hal/boards/ARDUINO_UNO/board.c ****  * @details Digital I/O ports static configuration as defined in @p board.h.
  22:../../os/hal/boards/ARDUINO_UNO/board.c ****  *          This variable is used by the HAL when initializing the PAL driver.
  23:../../os/hal/boards/ARDUINO_UNO/board.c ****  */
  24:../../os/hal/boards/ARDUINO_UNO/board.c **** #if HAL_USE_PAL || defined(__DOXYGEN__)
  25:../../os/hal/boards/ARDUINO_UNO/board.c **** const PALConfig pal_default_config =
  26:../../os/hal/boards/ARDUINO_UNO/board.c **** {
  27:../../os/hal/boards/ARDUINO_UNO/board.c **** #if defined(PORTB)
  28:../../os/hal/boards/ARDUINO_UNO/board.c ****   {VAL_PORTB, VAL_DDRB},
  29:../../os/hal/boards/ARDUINO_UNO/board.c **** #endif
  30:../../os/hal/boards/ARDUINO_UNO/board.c **** #if defined(PORTC)
  31:../../os/hal/boards/ARDUINO_UNO/board.c ****   {VAL_PORTC, VAL_DDRC},
  32:../../os/hal/boards/ARDUINO_UNO/board.c **** #endif
  33:../../os/hal/boards/ARDUINO_UNO/board.c **** #if defined(PORTD)
  34:../../os/hal/boards/ARDUINO_UNO/board.c ****   {VAL_PORTD, VAL_DDRD},
  35:../../os/hal/boards/ARDUINO_UNO/board.c **** #endif
  36:../../os/hal/boards/ARDUINO_UNO/board.c **** };
  37:../../os/hal/boards/ARDUINO_UNO/board.c **** #endif /* HAL_USE_PAL */
  38:../../os/hal/boards/ARDUINO_UNO/board.c **** 
  39:../../os/hal/boards/ARDUINO_UNO/board.c **** /**
  40:../../os/hal/boards/ARDUINO_UNO/board.c ****  * Board-specific initialization code.
  41:../../os/hal/boards/ARDUINO_UNO/board.c ****  */
  42:../../os/hal/boards/ARDUINO_UNO/board.c **** void boardInit(void) {
  16               		.loc 1 42 22 view -0
  17               		.cfi_startproc
  18               	/* prologue: function */
  19               	/* frame size = 0 */
  20               	/* stack size = 0 */
  21               	.L__stack_usage = 0
  43:../../os/hal/boards/ARDUINO_UNO/board.c **** 
  44:../../os/hal/boards/ARDUINO_UNO/board.c ****   /*
  45:../../os/hal/boards/ARDUINO_UNO/board.c ****    * External interrupts setup, all disabled initially.
  46:../../os/hal/boards/ARDUINO_UNO/board.c ****    */
  47:../../os/hal/boards/ARDUINO_UNO/board.c ****   EICRA  = 0x00;
  22               		.loc 1 47 3 view .LVU1
  23               		.loc 1 47 10 is_stmt 0 view .LVU2
  24 0000 1092 6900 		sts 105,__zero_reg__
  48:../../os/hal/boards/ARDUINO_UNO/board.c ****   EIMSK  = 0x00;
  25               		.loc 1 48 3 is_stmt 1 view .LVU3
  26               		.loc 1 48 10 is_stmt 0 view .LVU4
  27 0004 1DBA      		out 0x1d,__zero_reg__
  28               	/* epilogue start */
  49:../../os/hal/boards/ARDUINO_UNO/board.c **** 
  50:../../os/hal/boards/ARDUINO_UNO/board.c **** }
  29               		.loc 1 50 1 view .LVU5
  30 0006 0895      		ret
  31               		.cfi_endproc
  32               	.LFE146:
  34               	.global	pal_default_config
  35               		.section	.rodata.pal_default_config,"a"
  38               	pal_default_config:
  39 0000 FF        		.byte	-1
  40 0001 20        		.byte	32
  41 0002 FF        		.byte	-1
  42 0003 00        		.byte	0
  43 0004 FF        		.byte	-1
  44 0005 02        		.byte	2
  45               		.text
  46               	.Letext0:
  47               		.file 2 "../../os/hal/ports/AVR/MEGA/LLD/GPIOv1/hal_pal_lld.h"
  48               		.file 3 "/usr/avr/include/stdint.h"
DEFINED SYMBOLS
                            *ABS*:00000000 board.c
     /tmp/cccIGRm3.s:2      *ABS*:0000003e __SP_H__
     /tmp/cccIGRm3.s:3      *ABS*:0000003d __SP_L__
     /tmp/cccIGRm3.s:4      *ABS*:0000003f __SREG__
     /tmp/cccIGRm3.s:5      *ABS*:00000000 __tmp_reg__
     /tmp/cccIGRm3.s:6      *ABS*:00000001 __zero_reg__
     /tmp/cccIGRm3.s:14     .text.boardInit:00000000 boardInit
     /tmp/cccIGRm3.s:16     .text.boardInit:00000000 .Loc.0
     /tmp/cccIGRm3.s:17     .text.boardInit:00000000 L0
     /tmp/cccIGRm3.s:22     .text.boardInit:00000000 .Loc.1
     /tmp/cccIGRm3.s:23     .text.boardInit:00000000 .Loc.2
     /tmp/cccIGRm3.s:25     .text.boardInit:00000004 .Loc.3
     /tmp/cccIGRm3.s:26     .text.boardInit:00000004 .Loc.4
     /tmp/cccIGRm3.s:29     .text.boardInit:00000006 .Loc.5
     /tmp/cccIGRm3.s:31     .text.boardInit:00000008 L0
     /tmp/cccIGRm3.s:38     .rodata.pal_default_config:00000000 pal_default_config
     /tmp/cccIGRm3.s:35     .text.boardInit:00000008 L0
                     .debug_frame:00000000 L0
     /tmp/cccIGRm3.s:219    .debug_abbrev:00000000 .Ldebug_abbrev0
     /tmp/cccIGRm3.s:407    .debug_ranges:00000000 .Ldebug_ranges0
     /tmp/cccIGRm3.s:413    .debug_line:00000000 .Ldebug_line0
     /tmp/cccIGRm3.s:15     .text.boardInit:00000000 .LFB146
     /tmp/cccIGRm3.s:32     .text.boardInit:00000008 .LFE146
     /tmp/cccIGRm3.s:50     .debug_info:00000000 .Ldebug_info0

UNDEFINED SYMBOLS
__do_copy_data
