   1               		.file	"hal_lld.c"
   2               	__SP_H__ = 0x3e
   3               	__SP_L__ = 0x3d
   4               	__SREG__ = 0x3f
   5               	__tmp_reg__ = 0
   6               	__zero_reg__ = 1
   7               		.text
   8               	.Ltext0:
   9               		.cfi_sections	.debug_frame
  10               		.file 1 "../../os/hal/ports/AVR/MEGA/ATMEGAxx/hal_lld.c"
  11               		.section	.text.hal_lld_init,"ax",@progbits
  12               	.global	hal_lld_init
  14               	hal_lld_init:
  15               	.LFB146:
   1:../../os/hal/ports/AVR/MEGA/ATMEGAxx/hal_lld.c **** /*
   2:../../os/hal/ports/AVR/MEGA/ATMEGAxx/hal_lld.c ****     ChibiOS - Copyright (C) 2006..2018 Giovanni Di Sirio
   3:../../os/hal/ports/AVR/MEGA/ATMEGAxx/hal_lld.c **** 
   4:../../os/hal/ports/AVR/MEGA/ATMEGAxx/hal_lld.c ****     Licensed under the Apache License, Version 2.0 (the "License");
   5:../../os/hal/ports/AVR/MEGA/ATMEGAxx/hal_lld.c ****     you may not use this file except in compliance with the License.
   6:../../os/hal/ports/AVR/MEGA/ATMEGAxx/hal_lld.c ****     You may obtain a copy of the License at
   7:../../os/hal/ports/AVR/MEGA/ATMEGAxx/hal_lld.c **** 
   8:../../os/hal/ports/AVR/MEGA/ATMEGAxx/hal_lld.c ****         http://www.apache.org/licenses/LICENSE-2.0
   9:../../os/hal/ports/AVR/MEGA/ATMEGAxx/hal_lld.c **** 
  10:../../os/hal/ports/AVR/MEGA/ATMEGAxx/hal_lld.c ****     Unless required by applicable law or agreed to in writing, software
  11:../../os/hal/ports/AVR/MEGA/ATMEGAxx/hal_lld.c ****     distributed under the License is distributed on an "AS IS" BASIS,
  12:../../os/hal/ports/AVR/MEGA/ATMEGAxx/hal_lld.c ****     WITHOUT WARRANTIES OR CONDITIONS OF ANY KIND, either express or implied.
  13:../../os/hal/ports/AVR/MEGA/ATMEGAxx/hal_lld.c ****     See the License for the specific language governing permissions and
  14:../../os/hal/ports/AVR/MEGA/ATMEGAxx/hal_lld.c ****     limitations under the License.
  15:../../os/hal/ports/AVR/MEGA/ATMEGAxx/hal_lld.c **** */
  16:../../os/hal/ports/AVR/MEGA/ATMEGAxx/hal_lld.c **** 
  17:../../os/hal/ports/AVR/MEGA/ATMEGAxx/hal_lld.c **** /**
  18:../../os/hal/ports/AVR/MEGA/ATMEGAxx/hal_lld.c ****  * @file    ATMEGAxx/hal_lld.c
  19:../../os/hal/ports/AVR/MEGA/ATMEGAxx/hal_lld.c ****  * @brief   AVR HAL subsystem low level driver code.
  20:../../os/hal/ports/AVR/MEGA/ATMEGAxx/hal_lld.c ****  *
  21:../../os/hal/ports/AVR/MEGA/ATMEGAxx/hal_lld.c ****  * @addtogroup HAL
  22:../../os/hal/ports/AVR/MEGA/ATMEGAxx/hal_lld.c ****  * @{
  23:../../os/hal/ports/AVR/MEGA/ATMEGAxx/hal_lld.c ****  */
  24:../../os/hal/ports/AVR/MEGA/ATMEGAxx/hal_lld.c **** 
  25:../../os/hal/ports/AVR/MEGA/ATMEGAxx/hal_lld.c **** #include "hal.h"
  26:../../os/hal/ports/AVR/MEGA/ATMEGAxx/hal_lld.c **** 
  27:../../os/hal/ports/AVR/MEGA/ATMEGAxx/hal_lld.c **** /*==========================================================================*/
  28:../../os/hal/ports/AVR/MEGA/ATMEGAxx/hal_lld.c **** /* Driver exported variables.                                               */
  29:../../os/hal/ports/AVR/MEGA/ATMEGAxx/hal_lld.c **** /*==========================================================================*/
  30:../../os/hal/ports/AVR/MEGA/ATMEGAxx/hal_lld.c **** 
  31:../../os/hal/ports/AVR/MEGA/ATMEGAxx/hal_lld.c **** /*==========================================================================*/
  32:../../os/hal/ports/AVR/MEGA/ATMEGAxx/hal_lld.c **** /* Driver local variables and types.                                        */
  33:../../os/hal/ports/AVR/MEGA/ATMEGAxx/hal_lld.c **** /*==========================================================================*/
  34:../../os/hal/ports/AVR/MEGA/ATMEGAxx/hal_lld.c **** 
  35:../../os/hal/ports/AVR/MEGA/ATMEGAxx/hal_lld.c **** /*==========================================================================*/
  36:../../os/hal/ports/AVR/MEGA/ATMEGAxx/hal_lld.c **** /* Driver local functions.                                                  */
  37:../../os/hal/ports/AVR/MEGA/ATMEGAxx/hal_lld.c **** /*==========================================================================*/
  38:../../os/hal/ports/AVR/MEGA/ATMEGAxx/hal_lld.c **** 
  39:../../os/hal/ports/AVR/MEGA/ATMEGAxx/hal_lld.c **** /*==========================================================================*/
  40:../../os/hal/ports/AVR/MEGA/ATMEGAxx/hal_lld.c **** /* Driver interrupt handlers.                                               */
  41:../../os/hal/ports/AVR/MEGA/ATMEGAxx/hal_lld.c **** /*==========================================================================*/
  42:../../os/hal/ports/AVR/MEGA/ATMEGAxx/hal_lld.c **** 
  43:../../os/hal/ports/AVR/MEGA/ATMEGAxx/hal_lld.c **** /*==========================================================================*/
  44:../../os/hal/ports/AVR/MEGA/ATMEGAxx/hal_lld.c **** /* Driver exported functions.                                               */
  45:../../os/hal/ports/AVR/MEGA/ATMEGAxx/hal_lld.c **** /*==========================================================================*/
  46:../../os/hal/ports/AVR/MEGA/ATMEGAxx/hal_lld.c **** 
  47:../../os/hal/ports/AVR/MEGA/ATMEGAxx/hal_lld.c **** /**
  48:../../os/hal/ports/AVR/MEGA/ATMEGAxx/hal_lld.c ****  * @brief   Low level HAL driver initialization.
  49:../../os/hal/ports/AVR/MEGA/ATMEGAxx/hal_lld.c ****  *
  50:../../os/hal/ports/AVR/MEGA/ATMEGAxx/hal_lld.c ****  * @notapi
  51:../../os/hal/ports/AVR/MEGA/ATMEGAxx/hal_lld.c ****  */
  52:../../os/hal/ports/AVR/MEGA/ATMEGAxx/hal_lld.c **** void hal_lld_init(void) {
  16               		.loc 1 52 25 view -0
  17               		.cfi_startproc
  18               	/* prologue: function */
  19               	/* frame size = 0 */
  20               	/* stack size = 0 */
  21               	.L__stack_usage = 0
  53:../../os/hal/ports/AVR/MEGA/ATMEGAxx/hal_lld.c **** }
  22               		.loc 1 53 1 view .LVU1
  23               	/* epilogue start */
  24 0000 0895      		ret
  25               		.cfi_endproc
  26               	.LFE146:
  28               		.text
  29               	.Letext0:
DEFINED SYMBOLS
                            *ABS*:00000000 hal_lld.c
     /tmp/cctqYbmf.s:2      *ABS*:0000003e __SP_H__
     /tmp/cctqYbmf.s:3      *ABS*:0000003d __SP_L__
     /tmp/cctqYbmf.s:4      *ABS*:0000003f __SREG__
     /tmp/cctqYbmf.s:5      *ABS*:00000000 __tmp_reg__
     /tmp/cctqYbmf.s:6      *ABS*:00000001 __zero_reg__
     /tmp/cctqYbmf.s:14     .text.hal_lld_init:00000000 hal_lld_init
     /tmp/cctqYbmf.s:16     .text.hal_lld_init:00000000 .Loc.0
     /tmp/cctqYbmf.s:17     .text.hal_lld_init:00000000 L0
     /tmp/cctqYbmf.s:22     .text.hal_lld_init:00000000 .Loc.1
     /tmp/cctqYbmf.s:25     .text.hal_lld_init:00000002 L0
     /tmp/cctqYbmf.s:28     .text.hal_lld_init:00000002 L0
                     .debug_frame:00000000 L0
     /tmp/cctqYbmf.s:105    .debug_abbrev:00000000 .Ldebug_abbrev0
     /tmp/cctqYbmf.s:188    .debug_ranges:00000000 .Ldebug_ranges0
     /tmp/cctqYbmf.s:194    .debug_line:00000000 .Ldebug_line0
     /tmp/cctqYbmf.s:15     .text.hal_lld_init:00000000 .LFB146
     /tmp/cctqYbmf.s:26     .text.hal_lld_init:00000002 .LFE146
     /tmp/cctqYbmf.s:31     .debug_info:00000000 .Ldebug_info0

NO UNDEFINED SYMBOLS
