   1               		.file	"osal.c"
   2               	__SP_H__ = 0x3e
   3               	__SP_L__ = 0x3d
   4               	__SREG__ = 0x3f
   5               	__tmp_reg__ = 0
   6               	__zero_reg__ = 1
   7               		.text
   8               	.Ltext0:
   9               		.cfi_sections	.debug_frame
  10               		.file 1 "../../os/hal/osal/rt-nil/osal.c"
  11               	.Letext0:
DEFINED SYMBOLS
                            *ABS*:00000000 osal.c
     /tmp/ccAQruKR.s:2      *ABS*:0000003e __SP_H__
     /tmp/ccAQruKR.s:3      *ABS*:0000003d __SP_L__
     /tmp/ccAQruKR.s:4      *ABS*:0000003f __SREG__
     /tmp/ccAQruKR.s:5      *ABS*:00000000 __tmp_reg__
     /tmp/ccAQruKR.s:6      *ABS*:00000001 __zero_reg__
     /tmp/ccAQruKR.s:70     .debug_abbrev:00000000 .Ldebug_abbrev0
     /tmp/ccAQruKR.s:120    .debug_line:00000000 .Ldebug_line0
     /tmp/ccAQruKR.s:13     .debug_info:00000000 .Ldebug_info0

NO UNDEFINED SYMBOLS
